2025-08-04 20:39:45,743 [INFO] Activator:176 - 


2025-08-04 20:39:45,746 [INFO] Activator:177 - !SESSION log4j initialized
2025-08-04 20:39:48,532 [INFO] LogOutputStream:77 - [STDOUT_REDIRECT] 
2025-08-04 20:39:49,866 [INFO] ApplicationProperties:184 - Using Application install path: /opt/st/stm32cubeide_1.18.0/plugins/com.st.stm32cube.common.mx_6.14.0.202502271554
2025-08-04 20:39:49,880 [INFO] DbMcusXml:78 - Set database path to: /opt/st/stm32cubeide_1.18.0/plugins/com.st.stm32cube.common.mx_6.14.0.202502271554//db//mcu/
2025-08-04 20:39:49,880 [INFO] ApiDb:274 - Set plugin database path to: /opt/st/stm32cubeide_1.18.0/plugins/com.st.stm32cube.common.mx_6.14.0.202502271554//db//plugins/boardmanager/
2025-08-04 20:39:49,880 [WARN] ApiDb:259 - Overriding images path with different value:  => /opt/st/stm32cubeide_1.18.0/plugins/com.st.stm32cube.common.mx_6.14.0.202502271554//db//plugins/mcufinder/images/
2025-08-04 20:39:49,885 [INFO] ApiDb:250 - Set database path to: /home/bright/.stmcufinder/plugins/mcufinder//mcu/
2025-08-04 20:39:49,887 [INFO] DbMcusAds:125 - Set database path to: /home/bright/.stmcufinder/plugins/mcufinder//mcu/
2025-08-04 20:39:50,891 [INFO] CrossReferenceDbSqlite:203 - Set database path to: /home/bright/.stmcufinder/plugins/mcufinder//mcu/cs/
2025-08-04 20:39:50,952 [INFO] RulesReader:64 - Compatibility file has been processed (301 Rules)
2025-08-04 20:39:50,986 [INFO] DbMcusXml:78 - Set database path to: /opt/st/stm32cubeide_1.18.0/plugins/com.st.stm32cube.common.mx_6.14.0.202502271554//db//mcu/
2025-08-04 20:39:50,986 [INFO] ApiDb:274 - Set plugin database path to: /opt/st/stm32cubeide_1.18.0/plugins/com.st.stm32cube.common.mx_6.14.0.202502271554//db//plugins/boardmanager/
2025-08-04 20:39:50,986 [INFO] ApiDb:261 - Set plugin images path to: /opt/st/stm32cubeide_1.18.0/plugins/com.st.stm32cube.common.mx_6.14.0.202502271554//db//plugins/mcufinder/images/
2025-08-04 20:39:50,986 [WARN] DbFile:41 - Overriding database path with different value: /home/bright/.stmcufinder/plugins/mcufinder/ => /home/bright/.stmcufinder/plugins/mcufinder
2025-08-04 20:39:50,986 [INFO] ApiDb:250 - Set database path to: /home/bright/.stmcufinder/plugins/mcufinder//mcu/
2025-08-04 20:39:50,986 [WARN] DbFile:41 - Overriding database path with different value: /home/bright/.stmcufinder/plugins/mcufinder/ => /home/bright/.stmcufinder/plugins/mcufinder
2025-08-04 20:39:50,986 [INFO] DbMcusAds:125 - Set database path to: /home/bright/.stmcufinder/plugins/mcufinder//mcu/
2025-08-04 20:39:50,986 [WARN] DbFile:41 - Overriding database path with different value: /home/bright/.stmcufinder/plugins/mcufinder/ => /home/bright/.stmcufinder/plugins/mcufinder
2025-08-04 20:39:50,986 [WARN] DbFile:41 - Overriding database path with different value: /home/bright/.stmcufinder/plugins/mcufinder/ => /home/bright/.stmcufinder/plugins/mcufinder
2025-08-04 20:39:51,988 [INFO] CrossReferenceDbSqlite:203 - Set database path to: /home/bright/.stmcufinder/plugins/mcufinder//mcu/cs/
2025-08-04 20:39:52,026 [INFO] MainPanel:272 - HeapMemory: 268435456
2025-08-04 20:39:52,098 [INFO] DbMcusXml:78 - Set database path to: /opt/st/stm32cubeide_1.18.0/plugins/com.st.stm32cube.common.mx_6.14.0.202502271554//db//mcu/
2025-08-04 20:39:52,098 [INFO] ApiDb:274 - Set plugin database path to: /opt/st/stm32cubeide_1.18.0/plugins/com.st.stm32cube.common.mx_6.14.0.202502271554//db//plugins/boardmanager/
2025-08-04 20:39:52,098 [INFO] ApiDb:261 - Set plugin images path to: /opt/st/stm32cubeide_1.18.0/plugins/com.st.stm32cube.common.mx_6.14.0.202502271554//db//plugins/mcufinder/images/
2025-08-04 20:39:52,098 [WARN] DbFile:41 - Overriding database path with different value: /home/bright/.stmcufinder/plugins/mcufinder/ => /home/bright/.stmcufinder/plugins/mcufinder
2025-08-04 20:39:52,098 [INFO] ApiDb:250 - Set database path to: /home/bright/.stmcufinder/plugins/mcufinder//mcu/
2025-08-04 20:39:52,098 [WARN] DbFile:41 - Overriding database path with different value: /home/bright/.stmcufinder/plugins/mcufinder/ => /home/bright/.stmcufinder/plugins/mcufinder
2025-08-04 20:39:52,098 [INFO] DbMcusAds:125 - Set database path to: /home/bright/.stmcufinder/plugins/mcufinder//mcu/
2025-08-04 20:39:52,098 [WARN] DbFile:41 - Overriding database path with different value: /home/bright/.stmcufinder/plugins/mcufinder/ => /home/bright/.stmcufinder/plugins/mcufinder
2025-08-04 20:39:52,099 [WARN] DbFile:41 - Overriding database path with different value: /home/bright/.stmcufinder/plugins/mcufinder/ => /home/bright/.stmcufinder/plugins/mcufinder
2025-08-04 20:39:53,100 [INFO] CrossReferenceDbSqlite:203 - Set database path to: /home/bright/.stmcufinder/plugins/mcufinder//mcu/cs/
2025-08-04 20:39:53,141 [INFO] ApplicationProperties:184 - Using Application install path: /opt/st/stm32cubeide_1.18.0/plugins/com.st.stm32cube.common.mx_6.14.0.202502271554
2025-08-04 20:39:53,142 [INFO] PluginManage:196 - Search for loadable plugins [exclusion list=, ]
2025-08-04 20:39:53,142 [INFO] PluginManage:310 - Check plugin analytics
2025-08-04 20:39:54,232 [INFO] AnalyticsPlugin:253 - Accepted Software Licenses: 
2025-08-04 20:39:54,232 [INFO] AnalyticsPlugin:255 - Accepted CMSIS Pack Licenses: 
2025-08-04 20:39:54,232 [INFO] AnalyticsPlugin:257 - Accepted Firmware Licenses: 
2025-08-04 20:39:54,233 [INFO] PluginManage:359 - Loaded plugin analytics (category:tool,tabindex:-1)
2025-08-04 20:39:54,233 [INFO] PluginManage:310 - Check plugin cadmodel
2025-08-04 20:39:54,235 [INFO] CADModel:105 - Init CAD model plugin
2025-08-04 20:39:54,236 [INFO] PluginManage:359 - Loaded plugin cadmodel (category:power,tabindex:5)
2025-08-04 20:39:54,236 [INFO] PluginManage:310 - Check plugin clock
2025-08-04 20:39:54,240 [INFO] PluginManage:359 - Loaded plugin clock (category:base,tabindex:2)
2025-08-04 20:39:54,240 [INFO] PluginManage:310 - Check plugin ddr
2025-08-04 20:39:54,241 [INFO] PluginManage:359 - Loaded plugin ddr (category:tool,tabindex:6)
2025-08-04 20:39:54,241 [INFO] PluginManage:310 - Check plugin filemanager
2025-08-04 20:39:54,328 [INFO] PluginManage:359 - Loaded plugin filemanager (category:base,tabindex:10)
2025-08-04 20:39:54,328 [INFO] PluginManage:310 - Check plugin ipmanager
2025-08-04 20:39:54,331 [INFO] PluginManage:359 - Loaded plugin ipmanager (category:base,tabindex:5)
2025-08-04 20:39:54,331 [INFO] PluginManage:310 - Check plugin lpbam
2025-08-04 20:39:54,336 [INFO] PluginManage:359 - Loaded plugin lpbam (category:base,tabindex:0)
2025-08-04 20:39:54,336 [INFO] PluginManage:310 - Check plugin memorymap
2025-08-04 20:39:54,344 [INFO] PluginManage:359 - Loaded plugin memorymap (category:base,tabindex:4)
2025-08-04 20:39:54,344 [INFO] PluginManage:310 - Check plugin pinoutandconfiguration
2025-08-04 20:39:54,347 [INFO] PluginManage:359 - Loaded plugin pinoutandconfiguration (category:base,tabindex:1)
2025-08-04 20:39:54,348 [INFO] PluginManage:310 - Check plugin pinoutconfig
2025-08-04 20:39:54,402 [WARN] SupportedApi:132 - Cannot load RTOS API schema: s4s-elt-must-match.1: The content of 'definitions' must match (annotation?, (simpleType | complexType)?, (unique | key | keyref)*)). A problem was found starting at: attribute.
2025-08-04 20:39:54,466 [INFO] PluginManage:359 - Loaded plugin pinoutconfig (category:base,tabindex:0)
2025-08-04 20:39:54,466 [INFO] PluginManage:310 - Check plugin power
2025-08-04 20:39:54,471 [INFO] PluginManage:359 - Loaded plugin power (category:power,tabindex:4)
2025-08-04 20:39:54,471 [INFO] PluginManage:310 - Check plugin projectmanager
2025-08-04 20:39:54,482 [INFO] PluginManage:359 - Loaded plugin projectmanager (category:projectmanager,tabindex:4)
2025-08-04 20:39:54,482 [INFO] PluginManage:310 - Check plugin rif
2025-08-04 20:39:54,487 [INFO] PluginManage:359 - Loaded plugin rif (category:base,tabindex:3)
2025-08-04 20:39:54,487 [INFO] PluginManage:310 - Check plugin thirdparty
2025-08-04 20:39:54,546 [INFO] PluginManage:359 - Loaded plugin thirdparty (category:base,tabindex:-1)
2025-08-04 20:39:54,546 [INFO] PluginManage:310 - Check plugin tools
2025-08-04 20:39:54,546 [WARN] IntegrityCheckThread:84 - waiting for thirdparty lock release [integrity check]
2025-08-04 20:39:54,546 [INFO] IntegrityCheckThread:86 - entering critical section [integrity check]
2025-08-04 20:39:54,547 [INFO] ThirdPartyUpdaterWithRetryManager:70 - Updater plugin not ready yet. [1/15]
2025-08-04 20:39:54,547 [INFO] PluginManage:359 - Loaded plugin tools (category:base,tabindex:7)
2025-08-04 20:39:54,547 [INFO] PluginManage:310 - Check plugin tutovideos
2025-08-04 20:39:54,637 [INFO] PluginManage:359 - Loaded plugin tutovideos (category:base,tabindex:-1)
2025-08-04 20:39:54,638 [INFO] PluginManage:310 - Check plugin updater
2025-08-04 20:39:54,651 [INFO] PluginManage:359 - Loaded plugin updater (category:base,tabindex:12)
2025-08-04 20:39:54,651 [INFO] PluginManage:310 - Check plugin userauth
2025-08-04 20:39:54,654 [INFO] UserAuth:118 - Init User Auth plugin
2025-08-04 20:39:54,654 [INFO] PluginManage:359 - Loaded plugin userauth (category:base,tabindex:14)
2025-08-04 20:39:54,655 [INFO] PluginManage:283 - PluginManage : Loaded plugins [18]
2025-08-04 20:39:54,762 [INFO] PinOutPanel:1589 - setPackage(No Configuration,No Configuration)
2025-08-04 20:39:54,800 [INFO] CADModel:165 - CPN selected for project level
2025-08-04 20:39:54,800 [INFO] CADModel:114 - Register for checkConnection events
2025-08-04 20:39:54,807 [INFO] IPUIPlugin:80 - create IPUIPlugin
2025-08-04 20:39:54,808 [INFO] PluginManager:220 - loadIPPluginJar : add plateformsettings
2025-08-04 20:39:54,810 [INFO] IPUIPlugin:80 - create IPUIPlugin
2025-08-04 20:39:54,810 [INFO] PluginManager:220 - loadIPPluginJar : add tim
2025-08-04 20:39:54,812 [INFO] IPUIPlugin:80 - create IPUIPlugin
2025-08-04 20:39:54,812 [INFO] PluginManager:220 - loadIPPluginJar : add i2s
2025-08-04 20:39:54,813 [INFO] IPUIPlugin:80 - create IPUIPlugin
2025-08-04 20:39:54,813 [INFO] PluginManager:220 - loadIPPluginJar : add can
2025-08-04 20:39:54,815 [INFO] IPUIPlugin:80 - create IPUIPlugin
2025-08-04 20:39:54,815 [INFO] PluginManager:220 - loadIPPluginJar : add ipddr
2025-08-04 20:39:54,817 [INFO] IPUIPlugin:80 - create IPUIPlugin
2025-08-04 20:39:54,817 [INFO] PluginManager:220 - loadIPPluginJar : add opamp
2025-08-04 20:39:54,817 [INFO] IPUIPlugin:80 - create IPUIPlugin
2025-08-04 20:39:54,817 [INFO] PluginManager:220 - loadIPPluginJar : add quadspi
2025-08-04 20:39:54,820 [INFO] IPUIPlugin:80 - create IPUIPlugin
2025-08-04 20:39:54,820 [INFO] PluginManager:220 - loadIPPluginJar : add gic
2025-08-04 20:39:54,821 [INFO] IPUIPlugin:80 - create IPUIPlugin
2025-08-04 20:39:54,821 [INFO] PluginManager:220 - loadIPPluginJar : add gfxmmu
2025-08-04 20:39:54,824 [INFO] IPUIPlugin:80 - create IPUIPlugin
2025-08-04 20:39:54,824 [INFO] PluginManager:220 - loadIPPluginJar : add stm32_wpan
2025-08-04 20:39:54,825 [INFO] IPUIPlugin:80 - create IPUIPlugin
2025-08-04 20:39:54,825 [INFO] PluginManager:220 - loadIPPluginJar : add sai
2025-08-04 20:39:54,826 [INFO] IPUIPlugin:80 - create IPUIPlugin
2025-08-04 20:39:54,826 [INFO] PluginManager:220 - loadIPPluginJar : add dma3
2025-08-04 20:39:54,827 [INFO] IPUIPlugin:80 - create IPUIPlugin
2025-08-04 20:39:54,827 [INFO] PluginManager:220 - loadIPPluginJar : add radio
2025-08-04 20:39:54,831 [INFO] IPUIPlugin:80 - create IPUIPlugin
2025-08-04 20:39:54,831 [INFO] PluginManager:220 - loadIPPluginJar : add mdma
2025-08-04 20:39:54,832 [INFO] IPUIPlugin:80 - create IPUIPlugin
2025-08-04 20:39:54,832 [INFO] PluginManager:220 - loadIPPluginJar : add aes
2025-08-04 20:39:54,834 [INFO] IPUIPlugin:80 - create IPUIPlugin
2025-08-04 20:39:54,834 [INFO] PluginManager:220 - loadIPPluginJar : add fmc
2025-08-04 20:39:54,835 [INFO] IPUIPlugin:80 - create IPUIPlugin
2025-08-04 20:39:54,835 [INFO] PluginManager:220 - loadIPPluginJar : add dfsdm
2025-08-04 20:39:54,835 [INFO] IPUIPlugin:80 - create IPUIPlugin
2025-08-04 20:39:54,835 [INFO] PluginManager:220 - loadIPPluginJar : add ucpd
2025-08-04 20:39:54,836 [INFO] IPUIPlugin:80 - create IPUIPlugin
2025-08-04 20:39:54,836 [INFO] PluginManager:220 - loadIPPluginJar : add comp
2025-08-04 20:39:54,838 [INFO] IPUIPlugin:80 - create IPUIPlugin
2025-08-04 20:39:54,838 [INFO] PluginManager:220 - loadIPPluginJar : add gpio
2025-08-04 20:39:54,838 [INFO] IPUIPlugin:80 - create IPUIPlugin
2025-08-04 20:39:54,839 [INFO] PluginManager:220 - loadIPPluginJar : add cryp
2025-08-04 20:39:54,840 [INFO] IPUIPlugin:80 - create IPUIPlugin
2025-08-04 20:39:54,840 [INFO] PluginManager:220 - loadIPPluginJar : add resmgrutility
2025-08-04 20:39:54,841 [INFO] IPUIPlugin:80 - create IPUIPlugin
2025-08-04 20:39:54,841 [INFO] PluginManager:220 - loadIPPluginJar : add gtzc
2025-08-04 20:39:54,842 [INFO] IPUIPlugin:80 - create IPUIPlugin
2025-08-04 20:39:54,842 [INFO] PluginManager:220 - loadIPPluginJar : add tsc
2025-08-04 20:39:54,843 [INFO] IPUIPlugin:80 - create IPUIPlugin
2025-08-04 20:39:54,843 [INFO] PluginManager:220 - loadIPPluginJar : add lorawan
2025-08-04 20:39:54,844 [INFO] IPUIPlugin:80 - create IPUIPlugin
2025-08-04 20:39:54,844 [INFO] PluginManager:220 - loadIPPluginJar : add ddr_ctrl_phy
2025-08-04 20:39:54,845 [INFO] IPUIPlugin:80 - create IPUIPlugin
2025-08-04 20:39:54,845 [INFO] PluginManager:220 - loadIPPluginJar : add ts
2025-08-04 20:39:54,846 [INFO] IPUIPlugin:80 - create IPUIPlugin
2025-08-04 20:39:54,846 [INFO] PluginManager:220 - loadIPPluginJar : add fatfs
2025-08-04 20:39:54,849 [INFO] IPUIPlugin:80 - create IPUIPlugin
2025-08-04 20:39:54,849 [INFO] PluginManager:220 - loadIPPluginJar : add adc
2025-08-04 20:39:54,852 [INFO] IPUIPlugin:80 - create IPUIPlugin
2025-08-04 20:39:54,852 [INFO] PluginManager:220 - loadIPPluginJar : add dma
2025-08-04 20:39:54,853 [INFO] IPUIPlugin:80 - create IPUIPlugin
2025-08-04 20:39:54,853 [INFO] PluginManager:220 - loadIPPluginJar : add ltdc
2025-08-04 20:39:54,854 [INFO] IPUIPlugin:80 - create IPUIPlugin
2025-08-04 20:39:54,854 [INFO] PluginManager:220 - loadIPPluginJar : add touchsensing
2025-08-04 20:39:54,855 [INFO] IPUIPlugin:80 - create IPUIPlugin
2025-08-04 20:39:54,855 [INFO] PluginManager:220 - loadIPPluginJar : add genericplugin
2025-08-04 20:39:54,859 [INFO] IPUIPlugin:80 - create IPUIPlugin
2025-08-04 20:39:54,859 [INFO] PluginManager:220 - loadIPPluginJar : add linkedlist
2025-08-04 20:39:54,860 [INFO] IPUIPlugin:80 - create IPUIPlugin
2025-08-04 20:39:54,860 [INFO] PluginManager:220 - loadIPPluginJar : add pdm2pcm
2025-08-04 20:39:54,861 [INFO] IPUIPlugin:80 - create IPUIPlugin
2025-08-04 20:39:54,861 [INFO] PluginManager:220 - loadIPPluginJar : add nvic
2025-08-04 20:39:54,862 [INFO] IPUIPlugin:80 - create IPUIPlugin
2025-08-04 20:39:54,862 [INFO] PluginManager:220 - loadIPPluginJar : add spi
2025-08-04 20:39:54,863 [INFO] IPUIPlugin:80 - create IPUIPlugin
2025-08-04 20:39:54,863 [INFO] PluginManager:220 - loadIPPluginJar : add i3c
2025-08-04 20:39:54,864 [INFO] IPUIPlugin:80 - create IPUIPlugin
2025-08-04 20:39:54,864 [INFO] PluginManager:220 - loadIPPluginJar : add openamp
2025-08-04 20:39:54,865 [INFO] IPUIPlugin:80 - create IPUIPlugin
2025-08-04 20:39:54,865 [INFO] PluginManager:220 - loadIPPluginJar : add i2c
2025-08-04 20:39:54,866 [INFO] IPUIPlugin:80 - create IPUIPlugin
2025-08-04 20:39:54,866 [INFO] PluginManager:220 - loadIPPluginJar : add usart
2025-08-04 20:39:54,867 [INFO] IPUIPlugin:80 - create IPUIPlugin
2025-08-04 20:39:54,867 [INFO] PluginManager:220 - loadIPPluginJar : add hash
2025-08-04 20:39:54,868 [INFO] IPUIPlugin:80 - create IPUIPlugin
2025-08-04 20:39:54,868 [INFO] PluginManager:220 - loadIPPluginJar : add extmemmanager
2025-08-04 20:39:54,871 [INFO] IPUIPlugin:80 - create IPUIPlugin
2025-08-04 20:39:54,871 [INFO] PluginManager:220 - loadIPPluginJar : add freertos
2025-08-04 20:39:54,872 [INFO] IPUIPlugin:80 - create IPUIPlugin
2025-08-04 20:39:54,873 [INFO] PluginManager:220 - loadIPPluginJar : add usbx
2025-08-04 20:39:54,873 [INFO] IPUIPlugin:80 - create IPUIPlugin
2025-08-04 20:39:54,873 [INFO] PluginManager:220 - loadIPPluginJar : add tracer_emb
2025-08-04 20:39:54,964 [FATAL] Updater:351 - Updater called before beeing initialized
2025-08-04 20:39:54,980 [INFO] RulesReader:64 - Compatibility file has been processed (301 Rules)
2025-08-04 20:39:54,987 [INFO] RulesReader:64 - Compatibility file has been processed (301 Rules)
2025-08-04 20:39:54,991 [INFO] CADModel:165 - CPN selected for project level
2025-08-04 20:39:54,991 [INFO] CADModel:114 - Register for checkConnection events
2025-08-04 20:39:54,991 [FATAL] Updater:351 - Updater called before beeing initialized
2025-08-04 20:39:54,991 [ERROR] CADModel:125 - Updater not yet initialized, retry later 
2025-08-04 20:39:55,070 [FATAL] Updater:351 - Updater called before beeing initialized
2025-08-04 20:39:55,071 [INFO] CADModel:165 - CPN selected for project level
2025-08-04 20:39:55,071 [INFO] CADModel:114 - Register for checkConnection events
2025-08-04 20:39:55,071 [FATAL] Updater:351 - Updater called before beeing initialized
2025-08-04 20:39:55,071 [ERROR] CADModel:125 - Updater not yet initialized, retry later 
2025-08-04 20:39:55,074 [FATAL] Updater:351 - Updater called before beeing initialized
2025-08-04 20:39:55,126 [FATAL] Updater:351 - Updater called before beeing initialized
2025-08-04 20:39:55,128 [INFO] DbMcusAds:53 - JSON generation date=Tue Jul 08 10:14:23 CEST 2025 (1751962463593)
2025-08-04 20:39:55,129 [FATAL] Updater:351 - Updater called before beeing initialized
2025-08-04 20:39:55,149 [WARN] DetailPanel:346 - Failed to get advertising image, set to default
2025-08-04 20:39:55,289 [FATAL] Updater:351 - Updater called before beeing initialized
2025-08-04 20:39:55,291 [FATAL] Updater:351 - Updater called before beeing initialized
2025-08-04 20:39:55,292 [FATAL] Updater:351 - Updater called before beeing initialized
2025-08-04 20:39:55,292 [WARN] DetailPanel:346 - Failed to get advertising image, set to default
2025-08-04 20:39:55,293 [FATAL] Updater:351 - Updater called before beeing initialized
2025-08-04 20:39:55,316 [ERROR] Updater:1198 - MainUpdater not yet initialized. External WinMGr cannot be set.
2025-08-04 20:39:55,317 [INFO] Updater:1134 - Updater Version found : 6.14.0
2025-08-04 20:39:55,328 [INFO] ApplicationProperties:184 - Using Application install path: /opt/st/stm32cubeide_1.18.0/plugins/com.st.stm32cube.common.mx_6.14.0.202502271554
2025-08-04 20:39:55,522 [INFO] MainUpdater:2872 - connection check result : 10
2025-08-04 20:39:55,522 [INFO] MainUpdater:289 - Updater Check For Update Now.
2025-08-04 20:39:55,522 [INFO] MicroXplorer:498 - Change Database Version : DB.6.0.140
2025-08-04 20:39:55,526 [INFO] McuFinderGlobals:63 - Set McuFinder mode to 2 (CubeIDE integrated)
2025-08-04 20:39:55,526 [INFO] UserAuth:171 - activating auth plugin
2025-08-04 20:39:55,528 [INFO] UserAuth:486 - Internet connection configuration mode: 1
2025-08-04 20:39:55,538 [INFO] JxBrowserEngine:152 - Initiate JxBrowser Engine with user profile folder
2025-08-04 20:39:55,682 [INFO] CheckServerUpdateThread:120 - End of CheckServer Thread
2025-08-04 20:39:55,962 [INFO] WebApp:169 - Instantiating new browser for Auth
2025-08-04 20:39:56,511 [INFO] WebApp:463 - Apply proxy settings
2025-08-04 20:39:56,511 [INFO] WebApp:548 - Chromium requires no authentication
2025-08-04 20:39:56,516 [INFO] WebApp:491 - Direct internet connection detected
2025-08-04 20:39:56,529 [INFO] WebApp:894 - Register for checkConnection events
2025-08-04 20:39:56,529 [INFO] WebApp:463 - Apply proxy settings
2025-08-04 20:39:56,529 [INFO] WebApp:548 - Chromium requires no authentication
2025-08-04 20:39:56,529 [INFO] WebApp:491 - Direct internet connection detected
2025-08-04 20:39:56,619 [INFO] WebApp:225 - Starting web application
2025-08-04 20:39:56,620 [INFO] WebApp:593 - Web application path used /opt/st/stm32cubeide_1.18.0/plugins/com.st.stm32cube.common.mx_6.14.0.202502271554/db/plugins/mcufinder/reactClient1/index.html
2025-08-04 20:39:56,755 [INFO] WebApp:191 - Connection restablished
2025-08-04 20:39:57,626 [WARN] PackLoader:240 - Cannot read IP mode file for STMicroelectronics.FP-SNS-MOTENVWB1.1.4.0
2025-08-04 20:39:57,631 [WARN] PackLoader:240 - Cannot read IP mode file for STMicroelectronics.FP-ATR-ASTRA1.2.0.2
2025-08-04 20:39:57,636 [WARN] PackLoader:240 - Cannot read IP mode file for STMicroelectronics.X-CUBE-SMBUS.2.1.0
2025-08-04 20:39:57,640 [WARN] PackLoader:240 - Cannot read IP mode file for STMicroelectronics.X-CUBE-WB05N.1.1.0
2025-08-04 20:39:57,645 [WARN] PackLoader:240 - Cannot read IP mode file for STMicroelectronics.X-CUBE-ST60.1.0.0
2025-08-04 20:39:57,668 [WARN] PackLoader:240 - Cannot read IP mode file for STMicroelectronics.X-CUBE-AZRTOS-F7.1.1.0
2025-08-04 20:39:57,673 [WARN] PackLoader:240 - Cannot read IP mode file for STMicroelectronics.FP-SNS-FLIGHT1.5.0.2
2025-08-04 20:39:57,687 [WARN] PackLoader:240 - Cannot read IP mode file for Infineon.AIROC-Wi-Fi-Bluetooth-STM32.1.7.0
2025-08-04 20:39:57,722 [WARN] PackLoader:240 - Cannot read IP mode file for STMicroelectronics.X-CUBE-AZRTOS-H7.3.4.0
2025-08-04 20:39:57,734 [WARN] PackLoader:240 - Cannot read IP mode file for STMicroelectronics.X-CUBE-DISPLAY.3.0.0
2025-08-04 20:39:57,763 [WARN] PackLoader:240 - Cannot read IP mode file for STMicroelectronics.X-CUBE-NFC10.1.0.0
2025-08-04 20:39:57,775 [WARN] PackLoader:240 - Cannot read IP mode file for STMicroelectronics.X-CUBE-BLEMGR.4.0.0
2025-08-04 20:39:57,782 [WARN] PackLoader:240 - Cannot read IP mode file for emotas.I-CUBE-CANOPEN.1.3.0
2025-08-04 20:39:57,786 [WARN] ConditionMgr:438 - getConditionDescription Invalid condition id : Cortex-A Device cause : null
2025-08-04 20:39:57,796 [WARN] ConditionMgr:1044 - genDependencies : Invalid condition id : Cortex-A Device cause : null
2025-08-04 20:39:57,796 [WARN] ConditionMgr:1044 - genDependencies : Invalid condition id : Cortex-A Device cause : null
2025-08-04 20:39:57,796 [WARN] ConditionMgr:1044 - genDependencies : Invalid condition id : Cortex-A Device cause : null
2025-08-04 20:39:57,798 [WARN] PackLoader:240 - Cannot read IP mode file for STMicroelectronics.X-CUBE-AI.10.0.0
2025-08-04 20:39:57,801 [ERROR] Engine:466 - /home/bright/.stm32cubemx/thirdparties/pdsc/STMicroelectronics.FP-SNS-STBOX1.2.1.0.pdsc: PDSC version is not supported
2025-08-04 20:39:57,803 [WARN] PackLoader:240 - Cannot read IP mode file for STMicroelectronics.FP-SNS-SMARTAG2.1.2.0
2025-08-04 20:39:57,805 [WARN] PackLoader:240 - Cannot read IP mode file for STMicroelectronics.FP-SNS-FLIGHT1.5.1.0
2025-08-04 20:39:57,827 [WARN] PackLoader:240 - Cannot read IP mode file for STMicroelectronics.X-CUBE-MEMS1.11.1.0
2025-08-04 20:39:57,908 [INFO] LogOutputStream:77 - [STDOUT_REDIRECT] 1 : Invalid condition id : UX_CORESTACK_Condition cause : null
2025-08-04 20:39:57,909 [INFO] LogOutputStream:77 - [STDOUT_REDIRECT] 1 : Invalid condition id : UX_CORESTACK_Condition cause : null
2025-08-04 20:39:57,909 [INFO] LogOutputStream:77 - [STDOUT_REDIRECT] 1 : Invalid condition id : UX_CORESTACK_Condition cause : null
2025-08-04 20:39:57,909 [INFO] LogOutputStream:77 - [STDOUT_REDIRECT] 1 : Invalid condition id : UX_CORESTACK_Condition cause : null
2025-08-04 20:39:57,909 [INFO] LogOutputStream:77 - [STDOUT_REDIRECT] 1 : Invalid condition id : UX_CORESTACK_Condition cause : null
2025-08-04 20:39:57,911 [WARN] PackLoader:240 - Cannot read IP mode file for STMicroelectronics.X-CUBE-AZRTOS-WL.2.0.0
2025-08-04 20:39:57,914 [WARN] PackLoader:240 - Cannot read IP mode file for STMicroelectronics.FP-SNS-MOTENV1.5.0.0
2025-08-04 20:39:57,918 [WARN] PackLoader:240 - Cannot read IP mode file for WES.I-CUBE-Cesium.1.3.0
2025-08-04 20:39:57,920 [WARN] PackLoader:240 - Cannot read IP mode file for STMicroelectronics.X-CUBE-BLE2.3.3.0
2025-08-04 20:39:57,924 [WARN] PackLoader:240 - Cannot read IP mode file for STMicroelectronics.X-CUBE-NFC9.1.0.0
2025-08-04 20:39:57,927 [WARN] PackLoader:240 - Cannot read IP mode file for STMicroelectronics.X-CUBE-BLE1.7.1.0
2025-08-04 20:39:57,929 [WARN] PackLoader:240 - Cannot read IP mode file for wolfSSL.I-CUBE-wolfMQTT.1.19.2
2025-08-04 20:39:57,932 [WARN] PackLoader:240 - Cannot read IP mode file for STMicroelectronics.X-CUBE-EEPRMA1.5.2.0
2025-08-04 20:39:57,954 [WARN] PackLoader:240 - Cannot read IP mode file for STMicroelectronics.X-CUBE-MEMS1.11.2.0
2025-08-04 20:39:58,024 [WARN] PackLoader:240 - Cannot read IP mode file for STMicroelectronics.X-CUBE-AZRTOS-G0.1.1.0
2025-08-04 20:39:58,029 [WARN] PackLoader:240 - Cannot read IP mode file for STMicroelectronics.X-CUBE-SAFEA1.1.2.2
2025-08-04 20:39:58,033 [WARN] PackLoader:240 - Cannot read IP mode file for STMicroelectronics.X-CUBE-NFC4.3.0.0
2025-08-04 20:39:58,036 [WARN] PackLoader:240 - Cannot read IP mode file for EmbeddedOffice.I-CUBE-FS-RTOS.1.0.1
2025-08-04 20:39:58,039 [WARN] PackLoader:240 - Cannot read IP mode file for STMicroelectronics.X-CUBE-WB05N.2.0.0
2025-08-04 20:39:58,041 [WARN] PackLoader:240 - Cannot read IP mode file for wolfSSL.I-CUBE-wolfTPM.3.8.0
2025-08-04 20:39:58,044 [WARN] PackLoader:240 - Cannot read IP mode file for STMicroelectronics.X-CUBE-TCPP.4.2.0
2025-08-04 20:39:58,047 [WARN] PackLoader:240 - Cannot read IP mode file for RealThread.X-CUBE-RT-Thread_Nano.4.1.1
2025-08-04 20:39:58,049 [WARN] PackLoader:240 - Cannot read IP mode file for STMicroelectronics.FP-ATR-SIGFOX1.3.2.0
2025-08-04 20:39:58,053 [WARN] PackLoader:240 - Cannot read IP mode file for STMicroelectronics.X-CUBE-EEPRMA1.5.1.0
2025-08-04 20:39:58,055 [WARN] PackLoader:240 - Cannot read IP mode file for wolfSSL.I-CUBE-wolfSSL.5.7.6
2025-08-04 20:39:58,059 [WARN] PackLoader:240 - Cannot read IP mode file for ITTIA_DB.I-CUBE-ITTIADB.8.9.0
2025-08-04 20:39:58,064 [WARN] PackLoader:240 - Cannot read IP mode file for STMicroelectronics.X-CUBE-ST67W61.1.0.0
2025-08-04 20:39:58,066 [WARN] PackLoader:240 - Cannot read IP mode file for STMicroelectronics.X-CUBE-AI.10.2.0
2025-08-04 20:39:58,078 [WARN] PackLoader:240 - Cannot read IP mode file for SEGGER.I-CUBE-embOS.1.3.1
2025-08-04 20:39:58,100 [WARN] PackLoader:240 - Cannot read IP mode file for STMicroelectronics.X-CUBE-ALGOBUILD.1.4.0
2025-08-04 20:39:58,122 [WARN] PackLoader:240 - Cannot read IP mode file for STMicroelectronics.X-CUBE-MEMS1.11.3.0
2025-08-04 20:39:58,207 [WARN] PackLoader:240 - Cannot read IP mode file for STMicroelectronics.X-CUBE-PM33A1.1.0.0
2025-08-04 20:39:58,219 [WARN] PackLoader:240 - Cannot read IP mode file for STMicroelectronics.X-CUBE-AZRTOS-F4.1.1.0
2025-08-04 20:39:58,222 [WARN] PackLoader:240 - Cannot read IP mode file for Avnet-IotConnect.X-CUBE-IoTC-DA16k-PMOD.1.0.0
2025-08-04 20:39:58,224 [WARN] PackLoader:240 - Cannot read IP mode file for STMicroelectronics.X-CUBE-ISPU.2.1.0
2025-08-04 20:39:58,226 [WARN] PackLoader:240 - Cannot read IP mode file for STMicroelectronics.X-CUBE-NFC12.1.0.0
2025-08-04 20:39:58,235 [WARN] PackLoader:240 - Cannot read IP mode file for STMicroelectronics.X-CUBE-AZRTOS-L5.2.0.0
2025-08-04 20:39:58,241 [WARN] PackLoader:240 - Cannot read IP mode file for STMicroelectronics.X-CUBE-NFC6.3.1.0
2025-08-04 20:39:58,245 [WARN] PackLoader:240 - Cannot read IP mode file for STMicroelectronics.X-CUBE-DPower.1.2.0
2025-08-04 20:39:58,249 [WARN] PackLoader:240 - Cannot read IP mode file for STMicroelectronics.X-CUBE-FREERTOS.1.3.1
2025-08-04 20:39:58,252 [WARN] PackLoader:240 - Cannot read IP mode file for STMicroelectronics.X-CUBE-FREERTOS.1.3.0
2025-08-04 20:39:58,254 [WARN] PackLoader:240 - Cannot read IP mode file for STMicroelectronics.X-CUBE-NFC7.1.0.1
2025-08-04 20:39:58,258 [WARN] PackLoader:240 - Cannot read IP mode file for STMicroelectronics.FP-SNS-STAIOTCFT.1.0.0
2025-08-04 20:39:58,261 [WARN] PackLoader:240 - Cannot read IP mode file for STMicroelectronics.X-CUBE-DPower.1.3.0
2025-08-04 20:39:58,273 [WARN] ConditionMgr:438 - getConditionDescription Invalid condition id : LAN8742 Phy interface Condition cause : null
2025-08-04 20:39:58,273 [WARN] PackLoader:240 - Cannot read IP mode file for STMicroelectronics.X-CUBE-AZRTOS-L4.2.0.0
2025-08-04 20:39:58,275 [WARN] ConditionMgr:1044 - genDependencies : Invalid condition id : LAN8742 Phy interface Condition cause : null
2025-08-04 20:39:58,275 [WARN] ConditionMgr:1044 - genDependencies : Invalid condition id : LAN8742 Phy interface Condition cause : null
2025-08-04 20:39:58,275 [WARN] ConditionMgr:1044 - genDependencies : Invalid condition id : LAN8742 Phy interface Condition cause : null
2025-08-04 20:39:58,281 [WARN] PackLoader:240 - Cannot read IP mode file for STMicroelectronics.X-CUBE-SFXS2LP1.4.0.0
2025-08-04 20:39:58,291 [WARN] PackLoader:240 - Cannot read IP mode file for STMicroelectronics.X-CUBE-AZRTOS-H7.3.3.0
2025-08-04 20:39:58,300 [WARN] PackLoader:240 - Cannot read IP mode file for STMicroelectronics.X-CUBE-BLEMGR.4.1.0
2025-08-04 20:39:58,310 [WARN] ConditionMgr:438 - getConditionDescription Invalid condition id : UX DEVICE CLASS RTOS Condition cause : null
2025-08-04 20:39:58,310 [WARN] ConditionMgr:438 - getConditionDescription Invalid condition id : UX DEVICE CLASS RTOS Condition cause : null
2025-08-04 20:39:58,311 [WARN] PackLoader:240 - Cannot read IP mode file for STMicroelectronics.X-CUBE-AZRTOS-WB.2.0.0
2025-08-04 20:39:58,312 [WARN] ConditionMgr:1044 - genDependencies : Invalid condition id : UX DEVICE CLASS RTOS Condition cause : null
2025-08-04 20:39:58,312 [WARN] ConditionMgr:1044 - genDependencies : Invalid condition id : UX DEVICE CLASS RTOS Condition cause : null
2025-08-04 20:39:58,312 [WARN] ConditionMgr:1044 - genDependencies : Invalid condition id : UX DEVICE CLASS RTOS Condition cause : null
2025-08-04 20:39:58,313 [WARN] ConditionMgr:1044 - genDependencies : Invalid condition id : UX DEVICE CLASS RTOS Condition cause : null
2025-08-04 20:39:58,313 [WARN] ConditionMgr:1044 - genDependencies : Invalid condition id : UX DEVICE CLASS RTOS Condition cause : null
2025-08-04 20:39:58,317 [WARN] PackLoader:240 - Cannot read IP mode file for STMicroelectronics.X-CUBE-GNSS1.7.0.1
2025-08-04 20:39:58,320 [WARN] PackLoader:240 - Cannot read IP mode file for STMicroelectronics.X-CUBE-TOUCHGFX.4.25.0
2025-08-04 20:39:58,324 [WARN] PackLoader:240 - Cannot read IP mode file for STMicroelectronics.FP-SNS-STBOX1.2.0.0
2025-08-04 20:39:58,330 [WARN] PackLoader:240 - Cannot read IP mode file for STMicroelectronics.X-CUBE-SUBG2.5.0.0
2025-08-04 20:39:58,341 [WARN] PackLoader:240 - Cannot read IP mode file for STMicroelectronics.X-CUBE-AZRTOS-H7RS.1.1.0
2025-08-04 20:39:58,343 [WARN] PackLoader:240 - Cannot read IP mode file for Cesanta.I-CUBE-Mongoose.7.13.0
2025-08-04 20:39:58,348 [WARN] PackLoader:240 - Cannot read IP mode file for STMicroelectronics.X-CUBE-AZRTOS-G4.2.0.0
2025-08-04 20:39:58,350 [WARN] PackLoader:240 - Cannot read IP mode file for wolfSSL.I-CUBE-wolfSSH.1.4.20
2025-08-04 20:39:58,352 [WARN] PackLoader:240 - Cannot read IP mode file for STMicroelectronics.X-CUBE-NFC7.2.0.0
2025-08-04 20:39:58,356 [WARN] PackLoader:240 - Cannot read IP mode file for STMicroelectronics.X-CUBE-IPS.3.1.0
2025-08-04 20:39:58,360 [WARN] PackLoader:240 - Cannot read IP mode file for STMicroelectronics.X-CUBE-ALS.1.0.2
2025-08-04 20:39:58,362 [WARN] PackLoader:240 - Cannot read IP mode file for portGmbH.I-Cube-SoM-uGOAL.1.1.0
2025-08-04 20:39:58,368 [WARN] PackLoader:240 - Cannot read IP mode file for STMicroelectronics.X-CUBE-AZRTOS-H7RS.1.0.0
2025-08-04 20:39:58,373 [WARN] PackLoader:240 - Cannot read IP mode file for STMicroelectronics.X-CUBE-TOF1.3.4.2
2025-08-04 20:39:58,381 [WARN] PackLoader:240 - Cannot read IP mode file for STMicroelectronics.X-CUBE-TOF1.3.4.3
2025-08-04 20:39:58,385 [INFO] ThirdParty:978 - Integrity check success = true
2025-08-04 20:39:58,385 [INFO] IntegrityCheckThread:100 - exiting critical section [integrity check]
2025-08-04 20:39:58,385 [INFO] IntegrityCheckThread:103 - End integrity checks thread
2025-08-04 20:51:58,177 [ERROR] LogOutputStream:75 - [STDERR_REDIRECT] 
2025-08-04 20:52:41,062 [INFO] Activator:176 - 


2025-08-04 20:52:41,062 [INFO] Activator:177 - !SESSION log4j initialized
2025-08-04 20:52:43,706 [INFO] LogOutputStream:77 - [STDOUT_REDIRECT] 
2025-08-04 20:52:45,372 [INFO] ApplicationProperties:184 - Using Application install path: /opt/st/stm32cubeide_1.18.0/plugins/com.st.stm32cube.common.mx_6.14.0.202502271554
2025-08-04 20:52:45,385 [INFO] DbMcusXml:78 - Set database path to: /opt/st/stm32cubeide_1.18.0/plugins/com.st.stm32cube.common.mx_6.14.0.202502271554//db//mcu/
2025-08-04 20:52:45,385 [INFO] ApiDb:274 - Set plugin database path to: /opt/st/stm32cubeide_1.18.0/plugins/com.st.stm32cube.common.mx_6.14.0.202502271554//db//plugins/boardmanager/
2025-08-04 20:52:45,385 [WARN] ApiDb:259 - Overriding images path with different value:  => /opt/st/stm32cubeide_1.18.0/plugins/com.st.stm32cube.common.mx_6.14.0.202502271554//db//plugins/mcufinder/images/
2025-08-04 20:52:45,387 [INFO] ApiDb:250 - Set database path to: /home/bright/.stmcufinder/plugins/mcufinder//mcu/
2025-08-04 20:52:45,388 [INFO] DbMcusAds:125 - Set database path to: /home/bright/.stmcufinder/plugins/mcufinder//mcu/
2025-08-04 20:52:46,392 [INFO] CrossReferenceDbSqlite:203 - Set database path to: /home/bright/.stmcufinder/plugins/mcufinder//mcu/cs/
2025-08-04 20:52:46,473 [INFO] RulesReader:64 - Compatibility file has been processed (301 Rules)
2025-08-04 20:52:46,508 [INFO] DbMcusXml:78 - Set database path to: /opt/st/stm32cubeide_1.18.0/plugins/com.st.stm32cube.common.mx_6.14.0.202502271554//db//mcu/
2025-08-04 20:52:46,508 [INFO] ApiDb:274 - Set plugin database path to: /opt/st/stm32cubeide_1.18.0/plugins/com.st.stm32cube.common.mx_6.14.0.202502271554//db//plugins/boardmanager/
2025-08-04 20:52:46,508 [INFO] ApiDb:261 - Set plugin images path to: /opt/st/stm32cubeide_1.18.0/plugins/com.st.stm32cube.common.mx_6.14.0.202502271554//db//plugins/mcufinder/images/
2025-08-04 20:52:46,508 [WARN] DbFile:41 - Overriding database path with different value: /home/bright/.stmcufinder/plugins/mcufinder/ => /home/bright/.stmcufinder/plugins/mcufinder
2025-08-04 20:52:46,509 [INFO] ApiDb:250 - Set database path to: /home/bright/.stmcufinder/plugins/mcufinder//mcu/
2025-08-04 20:52:46,509 [WARN] DbFile:41 - Overriding database path with different value: /home/bright/.stmcufinder/plugins/mcufinder/ => /home/bright/.stmcufinder/plugins/mcufinder
2025-08-04 20:52:46,509 [INFO] DbMcusAds:125 - Set database path to: /home/bright/.stmcufinder/plugins/mcufinder//mcu/
2025-08-04 20:52:46,509 [WARN] DbFile:41 - Overriding database path with different value: /home/bright/.stmcufinder/plugins/mcufinder/ => /home/bright/.stmcufinder/plugins/mcufinder
2025-08-04 20:52:46,509 [WARN] DbFile:41 - Overriding database path with different value: /home/bright/.stmcufinder/plugins/mcufinder/ => /home/bright/.stmcufinder/plugins/mcufinder
2025-08-04 20:52:47,510 [INFO] CrossReferenceDbSqlite:203 - Set database path to: /home/bright/.stmcufinder/plugins/mcufinder//mcu/cs/
2025-08-04 20:52:47,543 [INFO] MainPanel:272 - HeapMemory: 268435456
2025-08-04 20:52:47,607 [INFO] DbMcusXml:78 - Set database path to: /opt/st/stm32cubeide_1.18.0/plugins/com.st.stm32cube.common.mx_6.14.0.202502271554//db//mcu/
2025-08-04 20:52:47,607 [INFO] ApiDb:274 - Set plugin database path to: /opt/st/stm32cubeide_1.18.0/plugins/com.st.stm32cube.common.mx_6.14.0.202502271554//db//plugins/boardmanager/
2025-08-04 20:52:47,607 [INFO] ApiDb:261 - Set plugin images path to: /opt/st/stm32cubeide_1.18.0/plugins/com.st.stm32cube.common.mx_6.14.0.202502271554//db//plugins/mcufinder/images/
2025-08-04 20:52:47,607 [WARN] DbFile:41 - Overriding database path with different value: /home/bright/.stmcufinder/plugins/mcufinder/ => /home/bright/.stmcufinder/plugins/mcufinder
2025-08-04 20:52:47,607 [INFO] ApiDb:250 - Set database path to: /home/bright/.stmcufinder/plugins/mcufinder//mcu/
2025-08-04 20:52:47,607 [WARN] DbFile:41 - Overriding database path with different value: /home/bright/.stmcufinder/plugins/mcufinder/ => /home/bright/.stmcufinder/plugins/mcufinder
2025-08-04 20:52:47,607 [INFO] DbMcusAds:125 - Set database path to: /home/bright/.stmcufinder/plugins/mcufinder//mcu/
2025-08-04 20:52:47,607 [WARN] DbFile:41 - Overriding database path with different value: /home/bright/.stmcufinder/plugins/mcufinder/ => /home/bright/.stmcufinder/plugins/mcufinder
2025-08-04 20:52:47,607 [WARN] DbFile:41 - Overriding database path with different value: /home/bright/.stmcufinder/plugins/mcufinder/ => /home/bright/.stmcufinder/plugins/mcufinder
2025-08-04 20:52:48,609 [INFO] CrossReferenceDbSqlite:203 - Set database path to: /home/bright/.stmcufinder/plugins/mcufinder//mcu/cs/
2025-08-04 20:52:48,622 [INFO] ApplicationProperties:184 - Using Application install path: /opt/st/stm32cubeide_1.18.0/plugins/com.st.stm32cube.common.mx_6.14.0.202502271554
2025-08-04 20:52:48,623 [INFO] PluginManage:196 - Search for loadable plugins [exclusion list=, ]
2025-08-04 20:52:48,623 [INFO] PluginManage:310 - Check plugin analytics
2025-08-04 20:52:49,704 [INFO] AnalyticsPlugin:253 - Accepted Software Licenses: 
2025-08-04 20:52:49,704 [INFO] AnalyticsPlugin:255 - Accepted CMSIS Pack Licenses: 
2025-08-04 20:52:49,704 [INFO] AnalyticsPlugin:257 - Accepted Firmware Licenses: 
2025-08-04 20:52:49,705 [INFO] PluginManage:359 - Loaded plugin analytics (category:tool,tabindex:-1)
2025-08-04 20:52:49,706 [INFO] PluginManage:310 - Check plugin cadmodel
2025-08-04 20:52:49,708 [INFO] CADModel:105 - Init CAD model plugin
2025-08-04 20:52:49,708 [INFO] PluginManage:359 - Loaded plugin cadmodel (category:power,tabindex:5)
2025-08-04 20:52:49,708 [INFO] PluginManage:310 - Check plugin clock
2025-08-04 20:52:49,713 [INFO] PluginManage:359 - Loaded plugin clock (category:base,tabindex:2)
2025-08-04 20:52:49,713 [INFO] PluginManage:310 - Check plugin ddr
2025-08-04 20:52:49,714 [INFO] PluginManage:359 - Loaded plugin ddr (category:tool,tabindex:6)
2025-08-04 20:52:49,714 [INFO] PluginManage:310 - Check plugin filemanager
2025-08-04 20:52:49,792 [INFO] PluginManage:359 - Loaded plugin filemanager (category:base,tabindex:10)
2025-08-04 20:52:49,792 [INFO] PluginManage:310 - Check plugin ipmanager
2025-08-04 20:52:49,795 [INFO] PluginManage:359 - Loaded plugin ipmanager (category:base,tabindex:5)
2025-08-04 20:52:49,795 [INFO] PluginManage:310 - Check plugin lpbam
2025-08-04 20:52:49,800 [INFO] PluginManage:359 - Loaded plugin lpbam (category:base,tabindex:0)
2025-08-04 20:52:49,800 [INFO] PluginManage:310 - Check plugin memorymap
2025-08-04 20:52:49,806 [INFO] PluginManage:359 - Loaded plugin memorymap (category:base,tabindex:4)
2025-08-04 20:52:49,806 [INFO] PluginManage:310 - Check plugin pinoutandconfiguration
2025-08-04 20:52:49,810 [INFO] PluginManage:359 - Loaded plugin pinoutandconfiguration (category:base,tabindex:1)
2025-08-04 20:52:49,810 [INFO] PluginManage:310 - Check plugin pinoutconfig
2025-08-04 20:52:49,855 [WARN] SupportedApi:132 - Cannot load RTOS API schema: s4s-elt-must-match.1: The content of 'definitions' must match (annotation?, (simpleType | complexType)?, (unique | key | keyref)*)). A problem was found starting at: attribute.
2025-08-04 20:52:49,918 [INFO] PluginManage:359 - Loaded plugin pinoutconfig (category:base,tabindex:0)
2025-08-04 20:52:49,918 [INFO] PluginManage:310 - Check plugin power
2025-08-04 20:52:49,922 [INFO] PluginManage:359 - Loaded plugin power (category:power,tabindex:4)
2025-08-04 20:52:49,922 [INFO] PluginManage:310 - Check plugin projectmanager
2025-08-04 20:52:49,931 [INFO] PluginManage:359 - Loaded plugin projectmanager (category:projectmanager,tabindex:4)
2025-08-04 20:52:49,932 [INFO] PluginManage:310 - Check plugin rif
2025-08-04 20:52:49,935 [INFO] PluginManage:359 - Loaded plugin rif (category:base,tabindex:3)
2025-08-04 20:52:49,935 [INFO] PluginManage:310 - Check plugin thirdparty
2025-08-04 20:52:49,996 [INFO] PluginManage:359 - Loaded plugin thirdparty (category:base,tabindex:-1)
2025-08-04 20:52:49,996 [INFO] PluginManage:310 - Check plugin tools
2025-08-04 20:52:49,996 [WARN] IntegrityCheckThread:84 - waiting for thirdparty lock release [integrity check]
2025-08-04 20:52:49,996 [INFO] IntegrityCheckThread:86 - entering critical section [integrity check]
2025-08-04 20:52:49,997 [INFO] ThirdPartyUpdaterWithRetryManager:70 - Updater plugin not ready yet. [1/15]
2025-08-04 20:52:49,998 [INFO] PluginManage:359 - Loaded plugin tools (category:base,tabindex:7)
2025-08-04 20:52:49,998 [INFO] PluginManage:310 - Check plugin tutovideos
2025-08-04 20:52:50,084 [INFO] PluginManage:359 - Loaded plugin tutovideos (category:base,tabindex:-1)
2025-08-04 20:52:50,084 [INFO] PluginManage:310 - Check plugin updater
2025-08-04 20:52:50,100 [INFO] PluginManage:359 - Loaded plugin updater (category:base,tabindex:12)
2025-08-04 20:52:50,100 [INFO] PluginManage:310 - Check plugin userauth
2025-08-04 20:52:50,102 [INFO] UserAuth:118 - Init User Auth plugin
2025-08-04 20:52:50,103 [INFO] PluginManage:359 - Loaded plugin userauth (category:base,tabindex:14)
2025-08-04 20:52:50,103 [INFO] PluginManage:283 - PluginManage : Loaded plugins [18]
2025-08-04 20:52:50,200 [INFO] PinOutPanel:1589 - setPackage(No Configuration,No Configuration)
2025-08-04 20:52:50,238 [INFO] CADModel:165 - CPN selected for project level
2025-08-04 20:52:50,238 [INFO] CADModel:114 - Register for checkConnection events
2025-08-04 20:52:50,245 [INFO] IPUIPlugin:80 - create IPUIPlugin
2025-08-04 20:52:50,247 [INFO] PluginManager:220 - loadIPPluginJar : add plateformsettings
2025-08-04 20:52:50,249 [INFO] IPUIPlugin:80 - create IPUIPlugin
2025-08-04 20:52:50,249 [INFO] PluginManager:220 - loadIPPluginJar : add tim
2025-08-04 20:52:50,252 [INFO] IPUIPlugin:80 - create IPUIPlugin
2025-08-04 20:52:50,252 [INFO] PluginManager:220 - loadIPPluginJar : add i2s
2025-08-04 20:52:50,253 [INFO] IPUIPlugin:80 - create IPUIPlugin
2025-08-04 20:52:50,253 [INFO] PluginManager:220 - loadIPPluginJar : add can
2025-08-04 20:52:50,255 [INFO] IPUIPlugin:80 - create IPUIPlugin
2025-08-04 20:52:50,255 [INFO] PluginManager:220 - loadIPPluginJar : add ipddr
2025-08-04 20:52:50,257 [INFO] IPUIPlugin:80 - create IPUIPlugin
2025-08-04 20:52:50,257 [INFO] PluginManager:220 - loadIPPluginJar : add opamp
2025-08-04 20:52:50,258 [INFO] IPUIPlugin:80 - create IPUIPlugin
2025-08-04 20:52:50,258 [INFO] PluginManager:220 - loadIPPluginJar : add quadspi
2025-08-04 20:52:50,260 [INFO] IPUIPlugin:80 - create IPUIPlugin
2025-08-04 20:52:50,260 [INFO] PluginManager:220 - loadIPPluginJar : add gic
2025-08-04 20:52:50,261 [INFO] IPUIPlugin:80 - create IPUIPlugin
2025-08-04 20:52:50,261 [INFO] PluginManager:220 - loadIPPluginJar : add gfxmmu
2025-08-04 20:52:50,265 [INFO] IPUIPlugin:80 - create IPUIPlugin
2025-08-04 20:52:50,265 [INFO] PluginManager:220 - loadIPPluginJar : add stm32_wpan
2025-08-04 20:52:50,266 [INFO] IPUIPlugin:80 - create IPUIPlugin
2025-08-04 20:52:50,266 [INFO] PluginManager:220 - loadIPPluginJar : add sai
2025-08-04 20:52:50,267 [INFO] IPUIPlugin:80 - create IPUIPlugin
2025-08-04 20:52:50,267 [INFO] PluginManager:220 - loadIPPluginJar : add dma3
2025-08-04 20:52:50,268 [INFO] IPUIPlugin:80 - create IPUIPlugin
2025-08-04 20:52:50,268 [INFO] PluginManager:220 - loadIPPluginJar : add radio
2025-08-04 20:52:50,272 [INFO] IPUIPlugin:80 - create IPUIPlugin
2025-08-04 20:52:50,272 [INFO] PluginManager:220 - loadIPPluginJar : add mdma
2025-08-04 20:52:50,273 [INFO] IPUIPlugin:80 - create IPUIPlugin
2025-08-04 20:52:50,273 [INFO] PluginManager:220 - loadIPPluginJar : add aes
2025-08-04 20:52:50,275 [INFO] IPUIPlugin:80 - create IPUIPlugin
2025-08-04 20:52:50,275 [INFO] PluginManager:220 - loadIPPluginJar : add fmc
2025-08-04 20:52:50,276 [INFO] IPUIPlugin:80 - create IPUIPlugin
2025-08-04 20:52:50,276 [INFO] PluginManager:220 - loadIPPluginJar : add dfsdm
2025-08-04 20:52:50,277 [INFO] IPUIPlugin:80 - create IPUIPlugin
2025-08-04 20:52:50,277 [INFO] PluginManager:220 - loadIPPluginJar : add ucpd
2025-08-04 20:52:50,277 [INFO] IPUIPlugin:80 - create IPUIPlugin
2025-08-04 20:52:50,277 [INFO] PluginManager:220 - loadIPPluginJar : add comp
2025-08-04 20:52:50,279 [INFO] IPUIPlugin:80 - create IPUIPlugin
2025-08-04 20:52:50,279 [INFO] PluginManager:220 - loadIPPluginJar : add gpio
2025-08-04 20:52:50,281 [INFO] IPUIPlugin:80 - create IPUIPlugin
2025-08-04 20:52:50,281 [INFO] PluginManager:220 - loadIPPluginJar : add cryp
2025-08-04 20:52:50,282 [INFO] IPUIPlugin:80 - create IPUIPlugin
2025-08-04 20:52:50,282 [INFO] PluginManager:220 - loadIPPluginJar : add resmgrutility
2025-08-04 20:52:50,283 [INFO] IPUIPlugin:80 - create IPUIPlugin
2025-08-04 20:52:50,284 [INFO] PluginManager:220 - loadIPPluginJar : add gtzc
2025-08-04 20:52:50,284 [INFO] IPUIPlugin:80 - create IPUIPlugin
2025-08-04 20:52:50,285 [INFO] PluginManager:220 - loadIPPluginJar : add tsc
2025-08-04 20:52:50,286 [INFO] IPUIPlugin:80 - create IPUIPlugin
2025-08-04 20:52:50,286 [INFO] PluginManager:220 - loadIPPluginJar : add lorawan
2025-08-04 20:52:50,287 [INFO] IPUIPlugin:80 - create IPUIPlugin
2025-08-04 20:52:50,287 [INFO] PluginManager:220 - loadIPPluginJar : add ddr_ctrl_phy
2025-08-04 20:52:50,288 [INFO] IPUIPlugin:80 - create IPUIPlugin
2025-08-04 20:52:50,288 [INFO] PluginManager:220 - loadIPPluginJar : add ts
2025-08-04 20:52:50,289 [INFO] IPUIPlugin:80 - create IPUIPlugin
2025-08-04 20:52:50,289 [INFO] PluginManager:220 - loadIPPluginJar : add fatfs
2025-08-04 20:52:50,292 [INFO] IPUIPlugin:80 - create IPUIPlugin
2025-08-04 20:52:50,293 [INFO] PluginManager:220 - loadIPPluginJar : add adc
2025-08-04 20:52:50,296 [INFO] IPUIPlugin:80 - create IPUIPlugin
2025-08-04 20:52:50,296 [INFO] PluginManager:220 - loadIPPluginJar : add dma
2025-08-04 20:52:50,296 [INFO] IPUIPlugin:80 - create IPUIPlugin
2025-08-04 20:52:50,297 [INFO] PluginManager:220 - loadIPPluginJar : add ltdc
2025-08-04 20:52:50,298 [INFO] IPUIPlugin:80 - create IPUIPlugin
2025-08-04 20:52:50,298 [INFO] PluginManager:220 - loadIPPluginJar : add touchsensing
2025-08-04 20:52:50,298 [INFO] IPUIPlugin:80 - create IPUIPlugin
2025-08-04 20:52:50,299 [INFO] PluginManager:220 - loadIPPluginJar : add genericplugin
2025-08-04 20:52:50,303 [INFO] IPUIPlugin:80 - create IPUIPlugin
2025-08-04 20:52:50,303 [INFO] PluginManager:220 - loadIPPluginJar : add linkedlist
2025-08-04 20:52:50,304 [INFO] IPUIPlugin:80 - create IPUIPlugin
2025-08-04 20:52:50,304 [INFO] PluginManager:220 - loadIPPluginJar : add pdm2pcm
2025-08-04 20:52:50,306 [INFO] IPUIPlugin:80 - create IPUIPlugin
2025-08-04 20:52:50,306 [INFO] PluginManager:220 - loadIPPluginJar : add nvic
2025-08-04 20:52:50,307 [INFO] IPUIPlugin:80 - create IPUIPlugin
2025-08-04 20:52:50,307 [INFO] PluginManager:220 - loadIPPluginJar : add spi
2025-08-04 20:52:50,308 [INFO] IPUIPlugin:80 - create IPUIPlugin
2025-08-04 20:52:50,308 [INFO] PluginManager:220 - loadIPPluginJar : add i3c
2025-08-04 20:52:50,309 [INFO] IPUIPlugin:80 - create IPUIPlugin
2025-08-04 20:52:50,309 [INFO] PluginManager:220 - loadIPPluginJar : add openamp
2025-08-04 20:52:50,311 [INFO] IPUIPlugin:80 - create IPUIPlugin
2025-08-04 20:52:50,311 [INFO] PluginManager:220 - loadIPPluginJar : add i2c
2025-08-04 20:52:50,312 [INFO] IPUIPlugin:80 - create IPUIPlugin
2025-08-04 20:52:50,312 [INFO] PluginManager:220 - loadIPPluginJar : add usart
2025-08-04 20:52:50,313 [INFO] IPUIPlugin:80 - create IPUIPlugin
2025-08-04 20:52:50,313 [INFO] PluginManager:220 - loadIPPluginJar : add hash
2025-08-04 20:52:50,314 [INFO] IPUIPlugin:80 - create IPUIPlugin
2025-08-04 20:52:50,314 [INFO] PluginManager:220 - loadIPPluginJar : add extmemmanager
2025-08-04 20:52:50,317 [INFO] IPUIPlugin:80 - create IPUIPlugin
2025-08-04 20:52:50,318 [INFO] PluginManager:220 - loadIPPluginJar : add freertos
2025-08-04 20:52:50,319 [INFO] IPUIPlugin:80 - create IPUIPlugin
2025-08-04 20:52:50,319 [INFO] PluginManager:220 - loadIPPluginJar : add usbx
2025-08-04 20:52:50,321 [INFO] IPUIPlugin:80 - create IPUIPlugin
2025-08-04 20:52:50,321 [INFO] PluginManager:220 - loadIPPluginJar : add tracer_emb
2025-08-04 20:52:50,414 [FATAL] Updater:351 - Updater called before beeing initialized
2025-08-04 20:52:50,431 [INFO] RulesReader:64 - Compatibility file has been processed (301 Rules)
2025-08-04 20:52:50,437 [INFO] RulesReader:64 - Compatibility file has been processed (301 Rules)
2025-08-04 20:52:50,441 [INFO] CADModel:165 - CPN selected for project level
2025-08-04 20:52:50,441 [INFO] CADModel:114 - Register for checkConnection events
2025-08-04 20:52:50,442 [FATAL] Updater:351 - Updater called before beeing initialized
2025-08-04 20:52:50,442 [ERROR] CADModel:125 - Updater not yet initialized, retry later 
2025-08-04 20:52:50,526 [FATAL] Updater:351 - Updater called before beeing initialized
2025-08-04 20:52:50,527 [INFO] CADModel:165 - CPN selected for project level
2025-08-04 20:52:50,527 [INFO] CADModel:114 - Register for checkConnection events
2025-08-04 20:52:50,527 [FATAL] Updater:351 - Updater called before beeing initialized
2025-08-04 20:52:50,527 [ERROR] CADModel:125 - Updater not yet initialized, retry later 
2025-08-04 20:52:50,529 [FATAL] Updater:351 - Updater called before beeing initialized
2025-08-04 20:52:50,588 [FATAL] Updater:351 - Updater called before beeing initialized
2025-08-04 20:52:50,591 [INFO] DbMcusAds:53 - JSON generation date=Tue Jul 08 10:14:23 CEST 2025 (1751962463593)
2025-08-04 20:52:50,591 [FATAL] Updater:351 - Updater called before beeing initialized
2025-08-04 20:52:50,611 [WARN] DetailPanel:346 - Failed to get advertising image, set to default
2025-08-04 20:52:50,749 [FATAL] Updater:351 - Updater called before beeing initialized
2025-08-04 20:52:50,750 [FATAL] Updater:351 - Updater called before beeing initialized
2025-08-04 20:52:50,750 [FATAL] Updater:351 - Updater called before beeing initialized
2025-08-04 20:52:50,751 [WARN] DetailPanel:346 - Failed to get advertising image, set to default
2025-08-04 20:52:50,752 [FATAL] Updater:351 - Updater called before beeing initialized
2025-08-04 20:52:50,772 [ERROR] Updater:1198 - MainUpdater not yet initialized. External WinMGr cannot be set.
2025-08-04 20:52:50,773 [INFO] Updater:1134 - Updater Version found : 6.14.0
2025-08-04 20:52:50,786 [INFO] ApplicationProperties:184 - Using Application install path: /opt/st/stm32cubeide_1.18.0/plugins/com.st.stm32cube.common.mx_6.14.0.202502271554
2025-08-04 20:52:50,964 [INFO] MainUpdater:2872 - connection check result : 10
2025-08-04 20:52:50,965 [INFO] MainUpdater:289 - Updater Check For Update Now.
2025-08-04 20:52:50,965 [INFO] MicroXplorer:498 - Change Database Version : DB.6.0.140
2025-08-04 20:52:50,967 [INFO] McuFinderGlobals:63 - Set McuFinder mode to 2 (CubeIDE integrated)
2025-08-04 20:52:50,967 [INFO] UserAuth:171 - activating auth plugin
2025-08-04 20:52:50,969 [INFO] UserAuth:486 - Internet connection configuration mode: 1
2025-08-04 20:52:50,978 [INFO] JxBrowserEngine:152 - Initiate JxBrowser Engine with user profile folder
2025-08-04 20:52:51,131 [INFO] CheckServerUpdateThread:120 - End of CheckServer Thread
2025-08-04 20:52:51,409 [INFO] WebApp:169 - Instantiating new browser for Auth
2025-08-04 20:52:51,823 [INFO] WebApp:463 - Apply proxy settings
2025-08-04 20:52:51,823 [INFO] WebApp:548 - Chromium requires no authentication
2025-08-04 20:52:51,829 [INFO] WebApp:491 - Direct internet connection detected
2025-08-04 20:52:51,842 [INFO] WebApp:894 - Register for checkConnection events
2025-08-04 20:52:51,842 [INFO] WebApp:463 - Apply proxy settings
2025-08-04 20:52:51,842 [INFO] WebApp:548 - Chromium requires no authentication
2025-08-04 20:52:51,842 [INFO] WebApp:491 - Direct internet connection detected
2025-08-04 20:52:51,922 [INFO] WebApp:225 - Starting web application
2025-08-04 20:52:51,922 [INFO] WebApp:593 - Web application path used /opt/st/stm32cubeide_1.18.0/plugins/com.st.stm32cube.common.mx_6.14.0.202502271554/db/plugins/mcufinder/reactClient1/index.html
2025-08-04 20:52:52,043 [INFO] WebApp:191 - Connection restablished
2025-08-04 20:52:53,056 [WARN] PackLoader:240 - Cannot read IP mode file for STMicroelectronics.FP-SNS-MOTENVWB1.1.4.0
2025-08-04 20:52:53,063 [WARN] PackLoader:240 - Cannot read IP mode file for STMicroelectronics.FP-ATR-ASTRA1.2.0.2
2025-08-04 20:52:53,068 [WARN] PackLoader:240 - Cannot read IP mode file for STMicroelectronics.X-CUBE-SMBUS.2.1.0
2025-08-04 20:52:53,072 [WARN] PackLoader:240 - Cannot read IP mode file for STMicroelectronics.X-CUBE-WB05N.1.1.0
2025-08-04 20:52:53,076 [WARN] PackLoader:240 - Cannot read IP mode file for STMicroelectronics.X-CUBE-ST60.1.0.0
2025-08-04 20:52:53,096 [WARN] PackLoader:240 - Cannot read IP mode file for STMicroelectronics.X-CUBE-AZRTOS-F7.1.1.0
2025-08-04 20:52:53,103 [WARN] PackLoader:240 - Cannot read IP mode file for STMicroelectronics.FP-SNS-FLIGHT1.5.0.2
2025-08-04 20:52:53,124 [WARN] PackLoader:240 - Cannot read IP mode file for Infineon.AIROC-Wi-Fi-Bluetooth-STM32.1.7.0
2025-08-04 20:52:53,144 [WARN] PackLoader:240 - Cannot read IP mode file for STMicroelectronics.X-CUBE-AZRTOS-H7.3.4.0
2025-08-04 20:52:53,150 [WARN] PackLoader:240 - Cannot read IP mode file for STMicroelectronics.X-CUBE-DISPLAY.3.0.0
2025-08-04 20:52:53,155 [WARN] PackLoader:240 - Cannot read IP mode file for STMicroelectronics.X-CUBE-NFC10.1.0.0
2025-08-04 20:52:53,160 [WARN] PackLoader:240 - Cannot read IP mode file for STMicroelectronics.X-CUBE-BLEMGR.4.0.0
2025-08-04 20:52:53,164 [WARN] PackLoader:240 - Cannot read IP mode file for emotas.I-CUBE-CANOPEN.1.3.0
2025-08-04 20:52:53,166 [WARN] ConditionMgr:438 - getConditionDescription Invalid condition id : Cortex-A Device cause : null
2025-08-04 20:52:53,178 [WARN] ConditionMgr:1044 - genDependencies : Invalid condition id : Cortex-A Device cause : null
2025-08-04 20:52:53,178 [WARN] ConditionMgr:1044 - genDependencies : Invalid condition id : Cortex-A Device cause : null
2025-08-04 20:52:53,178 [WARN] ConditionMgr:1044 - genDependencies : Invalid condition id : Cortex-A Device cause : null
2025-08-04 20:52:53,180 [WARN] PackLoader:240 - Cannot read IP mode file for STMicroelectronics.X-CUBE-AI.10.0.0
2025-08-04 20:52:53,185 [ERROR] Engine:466 - /home/bright/.stm32cubemx/thirdparties/pdsc/STMicroelectronics.FP-SNS-STBOX1.2.1.0.pdsc: PDSC version is not supported
2025-08-04 20:52:53,187 [WARN] PackLoader:240 - Cannot read IP mode file for STMicroelectronics.FP-SNS-SMARTAG2.1.2.0
2025-08-04 20:52:53,190 [WARN] PackLoader:240 - Cannot read IP mode file for STMicroelectronics.FP-SNS-FLIGHT1.5.1.0
2025-08-04 20:52:53,210 [WARN] PackLoader:240 - Cannot read IP mode file for STMicroelectronics.X-CUBE-MEMS1.11.1.0
2025-08-04 20:52:53,313 [INFO] LogOutputStream:77 - [STDOUT_REDIRECT] 1 : Invalid condition id : UX_CORESTACK_Condition cause : null
2025-08-04 20:52:53,313 [INFO] LogOutputStream:77 - [STDOUT_REDIRECT] 1 : Invalid condition id : UX_CORESTACK_Condition cause : null
2025-08-04 20:52:53,314 [INFO] LogOutputStream:77 - [STDOUT_REDIRECT] 1 : Invalid condition id : UX_CORESTACK_Condition cause : null
2025-08-04 20:52:53,314 [INFO] LogOutputStream:77 - [STDOUT_REDIRECT] 1 : Invalid condition id : UX_CORESTACK_Condition cause : null
2025-08-04 20:52:53,314 [INFO] LogOutputStream:77 - [STDOUT_REDIRECT] 1 : Invalid condition id : UX_CORESTACK_Condition cause : null
2025-08-04 20:52:53,315 [WARN] PackLoader:240 - Cannot read IP mode file for STMicroelectronics.X-CUBE-AZRTOS-WL.2.0.0
2025-08-04 20:52:53,318 [WARN] PackLoader:240 - Cannot read IP mode file for STMicroelectronics.FP-SNS-MOTENV1.5.0.0
2025-08-04 20:52:53,322 [WARN] PackLoader:240 - Cannot read IP mode file for WES.I-CUBE-Cesium.1.3.0
2025-08-04 20:52:53,324 [WARN] PackLoader:240 - Cannot read IP mode file for STMicroelectronics.X-CUBE-BLE2.3.3.0
2025-08-04 20:52:53,327 [WARN] PackLoader:240 - Cannot read IP mode file for STMicroelectronics.X-CUBE-NFC9.1.0.0
2025-08-04 20:52:53,330 [WARN] PackLoader:240 - Cannot read IP mode file for STMicroelectronics.X-CUBE-BLE1.7.1.0
2025-08-04 20:52:53,332 [WARN] PackLoader:240 - Cannot read IP mode file for wolfSSL.I-CUBE-wolfMQTT.1.19.2
2025-08-04 20:52:53,334 [WARN] PackLoader:240 - Cannot read IP mode file for STMicroelectronics.X-CUBE-EEPRMA1.5.2.0
2025-08-04 20:52:53,355 [WARN] PackLoader:240 - Cannot read IP mode file for STMicroelectronics.X-CUBE-MEMS1.11.2.0
2025-08-04 20:52:53,407 [WARN] PackLoader:240 - Cannot read IP mode file for STMicroelectronics.X-CUBE-AZRTOS-G0.1.1.0
2025-08-04 20:52:53,411 [WARN] PackLoader:240 - Cannot read IP mode file for STMicroelectronics.X-CUBE-SAFEA1.1.2.2
2025-08-04 20:52:53,413 [WARN] PackLoader:240 - Cannot read IP mode file for STMicroelectronics.X-CUBE-NFC4.3.0.0
2025-08-04 20:52:53,417 [WARN] PackLoader:240 - Cannot read IP mode file for EmbeddedOffice.I-CUBE-FS-RTOS.1.0.1
2025-08-04 20:52:53,419 [WARN] PackLoader:240 - Cannot read IP mode file for STMicroelectronics.X-CUBE-WB05N.2.0.0
2025-08-04 20:52:53,421 [WARN] PackLoader:240 - Cannot read IP mode file for wolfSSL.I-CUBE-wolfTPM.3.8.0
2025-08-04 20:52:53,423 [WARN] PackLoader:240 - Cannot read IP mode file for STMicroelectronics.X-CUBE-TCPP.4.2.0
2025-08-04 20:52:53,425 [WARN] PackLoader:240 - Cannot read IP mode file for RealThread.X-CUBE-RT-Thread_Nano.4.1.1
2025-08-04 20:52:53,427 [WARN] PackLoader:240 - Cannot read IP mode file for STMicroelectronics.FP-ATR-SIGFOX1.3.2.0
2025-08-04 20:52:53,430 [WARN] PackLoader:240 - Cannot read IP mode file for STMicroelectronics.X-CUBE-EEPRMA1.5.1.0
2025-08-04 20:52:53,432 [WARN] PackLoader:240 - Cannot read IP mode file for wolfSSL.I-CUBE-wolfSSL.5.7.6
2025-08-04 20:52:53,435 [WARN] PackLoader:240 - Cannot read IP mode file for ITTIA_DB.I-CUBE-ITTIADB.8.9.0
2025-08-04 20:52:53,438 [WARN] PackLoader:240 - Cannot read IP mode file for STMicroelectronics.X-CUBE-ST67W61.1.0.0
2025-08-04 20:52:53,440 [WARN] PackLoader:240 - Cannot read IP mode file for STMicroelectronics.X-CUBE-AI.10.2.0
2025-08-04 20:52:53,451 [WARN] PackLoader:240 - Cannot read IP mode file for SEGGER.I-CUBE-embOS.1.3.1
2025-08-04 20:52:53,476 [WARN] PackLoader:240 - Cannot read IP mode file for STMicroelectronics.X-CUBE-ALGOBUILD.1.4.0
2025-08-04 20:52:53,493 [WARN] PackLoader:240 - Cannot read IP mode file for STMicroelectronics.X-CUBE-MEMS1.11.3.0
2025-08-04 20:52:53,537 [WARN] PackLoader:240 - Cannot read IP mode file for STMicroelectronics.X-CUBE-PM33A1.1.0.0
2025-08-04 20:52:53,548 [WARN] PackLoader:240 - Cannot read IP mode file for STMicroelectronics.X-CUBE-AZRTOS-F4.1.1.0
2025-08-04 20:52:53,553 [WARN] PackLoader:240 - Cannot read IP mode file for Avnet-IotConnect.X-CUBE-IoTC-DA16k-PMOD.1.0.0
2025-08-04 20:52:53,556 [WARN] PackLoader:240 - Cannot read IP mode file for STMicroelectronics.X-CUBE-ISPU.2.1.0
2025-08-04 20:52:53,559 [WARN] PackLoader:240 - Cannot read IP mode file for STMicroelectronics.X-CUBE-NFC12.1.0.0
2025-08-04 20:52:53,570 [WARN] PackLoader:240 - Cannot read IP mode file for STMicroelectronics.X-CUBE-AZRTOS-L5.2.0.0
2025-08-04 20:52:53,576 [WARN] PackLoader:240 - Cannot read IP mode file for STMicroelectronics.X-CUBE-NFC6.3.1.0
2025-08-04 20:52:53,590 [WARN] PackLoader:240 - Cannot read IP mode file for STMicroelectronics.X-CUBE-DPower.1.2.0
2025-08-04 20:52:53,596 [WARN] PackLoader:240 - Cannot read IP mode file for STMicroelectronics.X-CUBE-FREERTOS.1.3.1
2025-08-04 20:52:53,598 [WARN] PackLoader:240 - Cannot read IP mode file for STMicroelectronics.X-CUBE-FREERTOS.1.3.0
2025-08-04 20:52:53,602 [WARN] PackLoader:240 - Cannot read IP mode file for STMicroelectronics.X-CUBE-NFC7.1.0.1
2025-08-04 20:52:53,605 [WARN] PackLoader:240 - Cannot read IP mode file for STMicroelectronics.FP-SNS-STAIOTCFT.1.0.0
2025-08-04 20:52:53,609 [WARN] PackLoader:240 - Cannot read IP mode file for STMicroelectronics.X-CUBE-DPower.1.3.0
2025-08-04 20:52:53,620 [WARN] ConditionMgr:438 - getConditionDescription Invalid condition id : LAN8742 Phy interface Condition cause : null
2025-08-04 20:52:53,620 [WARN] PackLoader:240 - Cannot read IP mode file for STMicroelectronics.X-CUBE-AZRTOS-L4.2.0.0
2025-08-04 20:52:53,621 [WARN] ConditionMgr:1044 - genDependencies : Invalid condition id : LAN8742 Phy interface Condition cause : null
2025-08-04 20:52:53,621 [WARN] ConditionMgr:1044 - genDependencies : Invalid condition id : LAN8742 Phy interface Condition cause : null
2025-08-04 20:52:53,621 [WARN] ConditionMgr:1044 - genDependencies : Invalid condition id : LAN8742 Phy interface Condition cause : null
2025-08-04 20:52:53,624 [WARN] PackLoader:240 - Cannot read IP mode file for STMicroelectronics.X-CUBE-SFXS2LP1.4.0.0
2025-08-04 20:52:53,632 [WARN] PackLoader:240 - Cannot read IP mode file for STMicroelectronics.X-CUBE-AZRTOS-H7.3.3.0
2025-08-04 20:52:53,637 [WARN] PackLoader:240 - Cannot read IP mode file for STMicroelectronics.X-CUBE-BLEMGR.4.1.0
2025-08-04 20:52:53,643 [WARN] ConditionMgr:438 - getConditionDescription Invalid condition id : UX DEVICE CLASS RTOS Condition cause : null
2025-08-04 20:52:53,643 [WARN] ConditionMgr:438 - getConditionDescription Invalid condition id : UX DEVICE CLASS RTOS Condition cause : null
2025-08-04 20:52:53,644 [WARN] PackLoader:240 - Cannot read IP mode file for STMicroelectronics.X-CUBE-AZRTOS-WB.2.0.0
2025-08-04 20:52:53,644 [WARN] ConditionMgr:1044 - genDependencies : Invalid condition id : UX DEVICE CLASS RTOS Condition cause : null
2025-08-04 20:52:53,644 [WARN] ConditionMgr:1044 - genDependencies : Invalid condition id : UX DEVICE CLASS RTOS Condition cause : null
2025-08-04 20:52:53,645 [WARN] ConditionMgr:1044 - genDependencies : Invalid condition id : UX DEVICE CLASS RTOS Condition cause : null
2025-08-04 20:52:53,645 [WARN] ConditionMgr:1044 - genDependencies : Invalid condition id : UX DEVICE CLASS RTOS Condition cause : null
2025-08-04 20:52:53,645 [WARN] ConditionMgr:1044 - genDependencies : Invalid condition id : UX DEVICE CLASS RTOS Condition cause : null
2025-08-04 20:52:53,647 [WARN] PackLoader:240 - Cannot read IP mode file for STMicroelectronics.X-CUBE-GNSS1.7.0.1
2025-08-04 20:52:53,650 [WARN] PackLoader:240 - Cannot read IP mode file for STMicroelectronics.X-CUBE-TOUCHGFX.4.25.0
2025-08-04 20:52:53,652 [WARN] PackLoader:240 - Cannot read IP mode file for STMicroelectronics.FP-SNS-STBOX1.2.0.0
2025-08-04 20:52:53,656 [WARN] PackLoader:240 - Cannot read IP mode file for STMicroelectronics.X-CUBE-SUBG2.5.0.0
2025-08-04 20:52:53,665 [WARN] PackLoader:240 - Cannot read IP mode file for STMicroelectronics.X-CUBE-AZRTOS-H7RS.1.1.0
2025-08-04 20:52:53,668 [WARN] PackLoader:240 - Cannot read IP mode file for Cesanta.I-CUBE-Mongoose.7.13.0
2025-08-04 20:52:53,673 [WARN] PackLoader:240 - Cannot read IP mode file for STMicroelectronics.X-CUBE-AZRTOS-G4.2.0.0
2025-08-04 20:52:53,675 [WARN] PackLoader:240 - Cannot read IP mode file for wolfSSL.I-CUBE-wolfSSH.1.4.20
2025-08-04 20:52:53,676 [WARN] PackLoader:240 - Cannot read IP mode file for STMicroelectronics.X-CUBE-NFC7.2.0.0
2025-08-04 20:52:53,681 [WARN] PackLoader:240 - Cannot read IP mode file for STMicroelectronics.X-CUBE-IPS.3.1.0
2025-08-04 20:52:53,684 [WARN] PackLoader:240 - Cannot read IP mode file for STMicroelectronics.X-CUBE-ALS.1.0.2
2025-08-04 20:52:53,686 [WARN] PackLoader:240 - Cannot read IP mode file for portGmbH.I-Cube-SoM-uGOAL.1.1.0
2025-08-04 20:52:53,696 [WARN] PackLoader:240 - Cannot read IP mode file for STMicroelectronics.X-CUBE-AZRTOS-H7RS.1.0.0
2025-08-04 20:52:53,703 [WARN] PackLoader:240 - Cannot read IP mode file for STMicroelectronics.X-CUBE-TOF1.3.4.2
2025-08-04 20:52:53,712 [WARN] PackLoader:240 - Cannot read IP mode file for STMicroelectronics.X-CUBE-TOF1.3.4.3
2025-08-04 20:52:53,718 [INFO] ThirdParty:978 - Integrity check success = true
2025-08-04 20:52:53,718 [INFO] IntegrityCheckThread:100 - exiting critical section [integrity check]
2025-08-04 20:52:53,718 [INFO] IntegrityCheckThread:103 - End integrity checks thread
2025-08-04 20:54:05,483 [ERROR] LogOutputStream:75 - [STDERR_REDIRECT] 
2025-08-04 20:54:50,170 [INFO] Activator:176 - 


2025-08-04 20:54:50,171 [INFO] Activator:177 - !SESSION log4j initialized
2025-08-04 20:54:52,701 [INFO] LogOutputStream:77 - [STDOUT_REDIRECT] 
2025-08-04 20:54:54,041 [INFO] ApplicationProperties:184 - Using Application install path: /opt/st/stm32cubeide_1.18.0/plugins/com.st.stm32cube.common.mx_6.14.0.202502271554
2025-08-04 20:54:54,053 [INFO] DbMcusXml:78 - Set database path to: /opt/st/stm32cubeide_1.18.0/plugins/com.st.stm32cube.common.mx_6.14.0.202502271554//db//mcu/
2025-08-04 20:54:54,053 [INFO] ApiDb:274 - Set plugin database path to: /opt/st/stm32cubeide_1.18.0/plugins/com.st.stm32cube.common.mx_6.14.0.202502271554//db//plugins/boardmanager/
2025-08-04 20:54:54,053 [WARN] ApiDb:259 - Overriding images path with different value:  => /opt/st/stm32cubeide_1.18.0/plugins/com.st.stm32cube.common.mx_6.14.0.202502271554//db//plugins/mcufinder/images/
2025-08-04 20:54:54,055 [INFO] ApiDb:250 - Set database path to: /home/bright/.stmcufinder/plugins/mcufinder//mcu/
2025-08-04 20:54:54,056 [INFO] DbMcusAds:125 - Set database path to: /home/bright/.stmcufinder/plugins/mcufinder//mcu/
2025-08-04 20:54:55,059 [INFO] CrossReferenceDbSqlite:203 - Set database path to: /home/bright/.stmcufinder/plugins/mcufinder//mcu/cs/
2025-08-04 20:54:55,124 [INFO] RulesReader:64 - Compatibility file has been processed (301 Rules)
2025-08-04 20:54:55,168 [INFO] DbMcusXml:78 - Set database path to: /opt/st/stm32cubeide_1.18.0/plugins/com.st.stm32cube.common.mx_6.14.0.202502271554//db//mcu/
2025-08-04 20:54:55,168 [INFO] ApiDb:274 - Set plugin database path to: /opt/st/stm32cubeide_1.18.0/plugins/com.st.stm32cube.common.mx_6.14.0.202502271554//db//plugins/boardmanager/
2025-08-04 20:54:55,169 [INFO] ApiDb:261 - Set plugin images path to: /opt/st/stm32cubeide_1.18.0/plugins/com.st.stm32cube.common.mx_6.14.0.202502271554//db//plugins/mcufinder/images/
2025-08-04 20:54:55,169 [WARN] DbFile:41 - Overriding database path with different value: /home/bright/.stmcufinder/plugins/mcufinder/ => /home/bright/.stmcufinder/plugins/mcufinder
2025-08-04 20:54:55,169 [INFO] ApiDb:250 - Set database path to: /home/bright/.stmcufinder/plugins/mcufinder//mcu/
2025-08-04 20:54:55,169 [WARN] DbFile:41 - Overriding database path with different value: /home/bright/.stmcufinder/plugins/mcufinder/ => /home/bright/.stmcufinder/plugins/mcufinder
2025-08-04 20:54:55,169 [INFO] DbMcusAds:125 - Set database path to: /home/bright/.stmcufinder/plugins/mcufinder//mcu/
2025-08-04 20:54:55,169 [WARN] DbFile:41 - Overriding database path with different value: /home/bright/.stmcufinder/plugins/mcufinder/ => /home/bright/.stmcufinder/plugins/mcufinder
2025-08-04 20:54:55,169 [WARN] DbFile:41 - Overriding database path with different value: /home/bright/.stmcufinder/plugins/mcufinder/ => /home/bright/.stmcufinder/plugins/mcufinder
2025-08-04 20:54:56,171 [INFO] CrossReferenceDbSqlite:203 - Set database path to: /home/bright/.stmcufinder/plugins/mcufinder//mcu/cs/
2025-08-04 20:54:56,204 [INFO] MainPanel:272 - HeapMemory: 268435456
2025-08-04 20:54:56,264 [INFO] DbMcusXml:78 - Set database path to: /opt/st/stm32cubeide_1.18.0/plugins/com.st.stm32cube.common.mx_6.14.0.202502271554//db//mcu/
2025-08-04 20:54:56,264 [INFO] ApiDb:274 - Set plugin database path to: /opt/st/stm32cubeide_1.18.0/plugins/com.st.stm32cube.common.mx_6.14.0.202502271554//db//plugins/boardmanager/
2025-08-04 20:54:56,265 [INFO] ApiDb:261 - Set plugin images path to: /opt/st/stm32cubeide_1.18.0/plugins/com.st.stm32cube.common.mx_6.14.0.202502271554//db//plugins/mcufinder/images/
2025-08-04 20:54:56,265 [WARN] DbFile:41 - Overriding database path with different value: /home/bright/.stmcufinder/plugins/mcufinder/ => /home/bright/.stmcufinder/plugins/mcufinder
2025-08-04 20:54:56,265 [INFO] ApiDb:250 - Set database path to: /home/bright/.stmcufinder/plugins/mcufinder//mcu/
2025-08-04 20:54:56,265 [WARN] DbFile:41 - Overriding database path with different value: /home/bright/.stmcufinder/plugins/mcufinder/ => /home/bright/.stmcufinder/plugins/mcufinder
2025-08-04 20:54:56,265 [INFO] DbMcusAds:125 - Set database path to: /home/bright/.stmcufinder/plugins/mcufinder//mcu/
2025-08-04 20:54:56,265 [WARN] DbFile:41 - Overriding database path with different value: /home/bright/.stmcufinder/plugins/mcufinder/ => /home/bright/.stmcufinder/plugins/mcufinder
2025-08-04 20:54:56,265 [WARN] DbFile:41 - Overriding database path with different value: /home/bright/.stmcufinder/plugins/mcufinder/ => /home/bright/.stmcufinder/plugins/mcufinder
2025-08-04 20:54:57,267 [INFO] CrossReferenceDbSqlite:203 - Set database path to: /home/bright/.stmcufinder/plugins/mcufinder//mcu/cs/
2025-08-04 20:54:57,282 [INFO] ApplicationProperties:184 - Using Application install path: /opt/st/stm32cubeide_1.18.0/plugins/com.st.stm32cube.common.mx_6.14.0.202502271554
2025-08-04 20:54:57,283 [INFO] PluginManage:196 - Search for loadable plugins [exclusion list=, ]
2025-08-04 20:54:57,283 [INFO] PluginManage:310 - Check plugin analytics
2025-08-04 20:54:58,363 [INFO] AnalyticsPlugin:253 - Accepted Software Licenses: 
2025-08-04 20:54:58,363 [INFO] AnalyticsPlugin:255 - Accepted CMSIS Pack Licenses: 
2025-08-04 20:54:58,363 [INFO] AnalyticsPlugin:257 - Accepted Firmware Licenses: 
2025-08-04 20:54:58,364 [INFO] PluginManage:359 - Loaded plugin analytics (category:tool,tabindex:-1)
2025-08-04 20:54:58,364 [INFO] PluginManage:310 - Check plugin cadmodel
2025-08-04 20:54:58,366 [INFO] CADModel:105 - Init CAD model plugin
2025-08-04 20:54:58,366 [INFO] PluginManage:359 - Loaded plugin cadmodel (category:power,tabindex:5)
2025-08-04 20:54:58,367 [INFO] PluginManage:310 - Check plugin clock
2025-08-04 20:54:58,370 [INFO] PluginManage:359 - Loaded plugin clock (category:base,tabindex:2)
2025-08-04 20:54:58,371 [INFO] PluginManage:310 - Check plugin ddr
2025-08-04 20:54:58,371 [INFO] PluginManage:359 - Loaded plugin ddr (category:tool,tabindex:6)
2025-08-04 20:54:58,371 [INFO] PluginManage:310 - Check plugin filemanager
2025-08-04 20:54:58,446 [INFO] PluginManage:359 - Loaded plugin filemanager (category:base,tabindex:10)
2025-08-04 20:54:58,446 [INFO] PluginManage:310 - Check plugin ipmanager
2025-08-04 20:54:58,449 [INFO] PluginManage:359 - Loaded plugin ipmanager (category:base,tabindex:5)
2025-08-04 20:54:58,449 [INFO] PluginManage:310 - Check plugin lpbam
2025-08-04 20:54:58,454 [INFO] PluginManage:359 - Loaded plugin lpbam (category:base,tabindex:0)
2025-08-04 20:54:58,454 [INFO] PluginManage:310 - Check plugin memorymap
2025-08-04 20:54:58,460 [INFO] PluginManage:359 - Loaded plugin memorymap (category:base,tabindex:4)
2025-08-04 20:54:58,460 [INFO] PluginManage:310 - Check plugin pinoutandconfiguration
2025-08-04 20:54:58,464 [INFO] PluginManage:359 - Loaded plugin pinoutandconfiguration (category:base,tabindex:1)
2025-08-04 20:54:58,464 [INFO] PluginManage:310 - Check plugin pinoutconfig
2025-08-04 20:54:58,508 [WARN] SupportedApi:132 - Cannot load RTOS API schema: s4s-elt-must-match.1: The content of 'definitions' must match (annotation?, (simpleType | complexType)?, (unique | key | keyref)*)). A problem was found starting at: attribute.
2025-08-04 20:54:58,574 [INFO] PluginManage:359 - Loaded plugin pinoutconfig (category:base,tabindex:0)
2025-08-04 20:54:58,574 [INFO] PluginManage:310 - Check plugin power
2025-08-04 20:54:58,578 [INFO] PluginManage:359 - Loaded plugin power (category:power,tabindex:4)
2025-08-04 20:54:58,578 [INFO] PluginManage:310 - Check plugin projectmanager
2025-08-04 20:54:58,588 [INFO] PluginManage:359 - Loaded plugin projectmanager (category:projectmanager,tabindex:4)
2025-08-04 20:54:58,588 [INFO] PluginManage:310 - Check plugin rif
2025-08-04 20:54:58,592 [INFO] PluginManage:359 - Loaded plugin rif (category:base,tabindex:3)
2025-08-04 20:54:58,592 [INFO] PluginManage:310 - Check plugin thirdparty
2025-08-04 20:54:58,656 [INFO] PluginManage:359 - Loaded plugin thirdparty (category:base,tabindex:-1)
2025-08-04 20:54:58,656 [WARN] IntegrityCheckThread:84 - waiting for thirdparty lock release [integrity check]
2025-08-04 20:54:58,656 [INFO] PluginManage:310 - Check plugin tools
2025-08-04 20:54:58,656 [INFO] IntegrityCheckThread:86 - entering critical section [integrity check]
2025-08-04 20:54:58,657 [INFO] ThirdPartyUpdaterWithRetryManager:70 - Updater plugin not ready yet. [1/15]
2025-08-04 20:54:58,658 [INFO] PluginManage:359 - Loaded plugin tools (category:base,tabindex:7)
2025-08-04 20:54:58,658 [INFO] PluginManage:310 - Check plugin tutovideos
2025-08-04 20:54:58,746 [INFO] PluginManage:359 - Loaded plugin tutovideos (category:base,tabindex:-1)
2025-08-04 20:54:58,746 [INFO] PluginManage:310 - Check plugin updater
2025-08-04 20:54:58,761 [INFO] PluginManage:359 - Loaded plugin updater (category:base,tabindex:12)
2025-08-04 20:54:58,762 [INFO] PluginManage:310 - Check plugin userauth
2025-08-04 20:54:58,764 [INFO] UserAuth:118 - Init User Auth plugin
2025-08-04 20:54:58,765 [INFO] PluginManage:359 - Loaded plugin userauth (category:base,tabindex:14)
2025-08-04 20:54:58,766 [INFO] PluginManage:283 - PluginManage : Loaded plugins [18]
2025-08-04 20:54:58,862 [INFO] PinOutPanel:1589 - setPackage(No Configuration,No Configuration)
2025-08-04 20:54:58,901 [INFO] CADModel:165 - CPN selected for project level
2025-08-04 20:54:58,901 [INFO] CADModel:114 - Register for checkConnection events
2025-08-04 20:54:58,908 [INFO] IPUIPlugin:80 - create IPUIPlugin
2025-08-04 20:54:58,909 [INFO] PluginManager:220 - loadIPPluginJar : add plateformsettings
2025-08-04 20:54:58,911 [INFO] IPUIPlugin:80 - create IPUIPlugin
2025-08-04 20:54:58,911 [INFO] PluginManager:220 - loadIPPluginJar : add tim
2025-08-04 20:54:58,914 [INFO] IPUIPlugin:80 - create IPUIPlugin
2025-08-04 20:54:58,914 [INFO] PluginManager:220 - loadIPPluginJar : add i2s
2025-08-04 20:54:58,915 [INFO] IPUIPlugin:80 - create IPUIPlugin
2025-08-04 20:54:58,915 [INFO] PluginManager:220 - loadIPPluginJar : add can
2025-08-04 20:54:58,917 [INFO] IPUIPlugin:80 - create IPUIPlugin
2025-08-04 20:54:58,917 [INFO] PluginManager:220 - loadIPPluginJar : add ipddr
2025-08-04 20:54:58,919 [INFO] IPUIPlugin:80 - create IPUIPlugin
2025-08-04 20:54:58,919 [INFO] PluginManager:220 - loadIPPluginJar : add opamp
2025-08-04 20:54:58,920 [INFO] IPUIPlugin:80 - create IPUIPlugin
2025-08-04 20:54:58,920 [INFO] PluginManager:220 - loadIPPluginJar : add quadspi
2025-08-04 20:54:58,922 [INFO] IPUIPlugin:80 - create IPUIPlugin
2025-08-04 20:54:58,922 [INFO] PluginManager:220 - loadIPPluginJar : add gic
2025-08-04 20:54:58,923 [INFO] IPUIPlugin:80 - create IPUIPlugin
2025-08-04 20:54:58,923 [INFO] PluginManager:220 - loadIPPluginJar : add gfxmmu
2025-08-04 20:54:58,926 [INFO] IPUIPlugin:80 - create IPUIPlugin
2025-08-04 20:54:58,926 [INFO] PluginManager:220 - loadIPPluginJar : add stm32_wpan
2025-08-04 20:54:58,928 [INFO] IPUIPlugin:80 - create IPUIPlugin
2025-08-04 20:54:58,928 [INFO] PluginManager:220 - loadIPPluginJar : add sai
2025-08-04 20:54:58,929 [INFO] IPUIPlugin:80 - create IPUIPlugin
2025-08-04 20:54:58,929 [INFO] PluginManager:220 - loadIPPluginJar : add dma3
2025-08-04 20:54:58,929 [INFO] IPUIPlugin:80 - create IPUIPlugin
2025-08-04 20:54:58,930 [INFO] PluginManager:220 - loadIPPluginJar : add radio
2025-08-04 20:54:58,933 [INFO] IPUIPlugin:80 - create IPUIPlugin
2025-08-04 20:54:58,933 [INFO] PluginManager:220 - loadIPPluginJar : add mdma
2025-08-04 20:54:58,934 [INFO] IPUIPlugin:80 - create IPUIPlugin
2025-08-04 20:54:58,934 [INFO] PluginManager:220 - loadIPPluginJar : add aes
2025-08-04 20:54:58,936 [INFO] IPUIPlugin:80 - create IPUIPlugin
2025-08-04 20:54:58,936 [INFO] PluginManager:220 - loadIPPluginJar : add fmc
2025-08-04 20:54:58,937 [INFO] IPUIPlugin:80 - create IPUIPlugin
2025-08-04 20:54:58,937 [INFO] PluginManager:220 - loadIPPluginJar : add dfsdm
2025-08-04 20:54:58,938 [INFO] IPUIPlugin:80 - create IPUIPlugin
2025-08-04 20:54:58,938 [INFO] PluginManager:220 - loadIPPluginJar : add ucpd
2025-08-04 20:54:58,938 [INFO] IPUIPlugin:80 - create IPUIPlugin
2025-08-04 20:54:58,938 [INFO] PluginManager:220 - loadIPPluginJar : add comp
2025-08-04 20:54:58,940 [INFO] IPUIPlugin:80 - create IPUIPlugin
2025-08-04 20:54:58,941 [INFO] PluginManager:220 - loadIPPluginJar : add gpio
2025-08-04 20:54:58,942 [INFO] IPUIPlugin:80 - create IPUIPlugin
2025-08-04 20:54:58,942 [INFO] PluginManager:220 - loadIPPluginJar : add cryp
2025-08-04 20:54:58,943 [INFO] IPUIPlugin:80 - create IPUIPlugin
2025-08-04 20:54:58,943 [INFO] PluginManager:220 - loadIPPluginJar : add resmgrutility
2025-08-04 20:54:58,944 [INFO] IPUIPlugin:80 - create IPUIPlugin
2025-08-04 20:54:58,944 [INFO] PluginManager:220 - loadIPPluginJar : add gtzc
2025-08-04 20:54:58,945 [INFO] IPUIPlugin:80 - create IPUIPlugin
2025-08-04 20:54:58,945 [INFO] PluginManager:220 - loadIPPluginJar : add tsc
2025-08-04 20:54:58,946 [INFO] IPUIPlugin:80 - create IPUIPlugin
2025-08-04 20:54:58,946 [INFO] PluginManager:220 - loadIPPluginJar : add lorawan
2025-08-04 20:54:58,948 [INFO] IPUIPlugin:80 - create IPUIPlugin
2025-08-04 20:54:58,948 [INFO] PluginManager:220 - loadIPPluginJar : add ddr_ctrl_phy
2025-08-04 20:54:58,948 [INFO] IPUIPlugin:80 - create IPUIPlugin
2025-08-04 20:54:58,949 [INFO] PluginManager:220 - loadIPPluginJar : add ts
2025-08-04 20:54:58,949 [INFO] IPUIPlugin:80 - create IPUIPlugin
2025-08-04 20:54:58,949 [INFO] PluginManager:220 - loadIPPluginJar : add fatfs
2025-08-04 20:54:58,953 [INFO] IPUIPlugin:80 - create IPUIPlugin
2025-08-04 20:54:58,953 [INFO] PluginManager:220 - loadIPPluginJar : add adc
2025-08-04 20:54:58,956 [INFO] IPUIPlugin:80 - create IPUIPlugin
2025-08-04 20:54:58,956 [INFO] PluginManager:220 - loadIPPluginJar : add dma
2025-08-04 20:54:58,957 [INFO] IPUIPlugin:80 - create IPUIPlugin
2025-08-04 20:54:58,957 [INFO] PluginManager:220 - loadIPPluginJar : add ltdc
2025-08-04 20:54:58,958 [INFO] IPUIPlugin:80 - create IPUIPlugin
2025-08-04 20:54:58,958 [INFO] PluginManager:220 - loadIPPluginJar : add touchsensing
2025-08-04 20:54:58,959 [INFO] IPUIPlugin:80 - create IPUIPlugin
2025-08-04 20:54:58,959 [INFO] PluginManager:220 - loadIPPluginJar : add genericplugin
2025-08-04 20:54:58,963 [INFO] IPUIPlugin:80 - create IPUIPlugin
2025-08-04 20:54:58,964 [INFO] PluginManager:220 - loadIPPluginJar : add linkedlist
2025-08-04 20:54:58,965 [INFO] IPUIPlugin:80 - create IPUIPlugin
2025-08-04 20:54:58,965 [INFO] PluginManager:220 - loadIPPluginJar : add pdm2pcm
2025-08-04 20:54:58,966 [INFO] IPUIPlugin:80 - create IPUIPlugin
2025-08-04 20:54:58,966 [INFO] PluginManager:220 - loadIPPluginJar : add nvic
2025-08-04 20:54:58,967 [INFO] IPUIPlugin:80 - create IPUIPlugin
2025-08-04 20:54:58,967 [INFO] PluginManager:220 - loadIPPluginJar : add spi
2025-08-04 20:54:58,969 [INFO] IPUIPlugin:80 - create IPUIPlugin
2025-08-04 20:54:58,969 [INFO] PluginManager:220 - loadIPPluginJar : add i3c
2025-08-04 20:54:58,970 [INFO] IPUIPlugin:80 - create IPUIPlugin
2025-08-04 20:54:58,970 [INFO] PluginManager:220 - loadIPPluginJar : add openamp
2025-08-04 20:54:58,971 [INFO] IPUIPlugin:80 - create IPUIPlugin
2025-08-04 20:54:58,971 [INFO] PluginManager:220 - loadIPPluginJar : add i2c
2025-08-04 20:54:58,972 [INFO] IPUIPlugin:80 - create IPUIPlugin
2025-08-04 20:54:58,972 [INFO] PluginManager:220 - loadIPPluginJar : add usart
2025-08-04 20:54:58,973 [INFO] IPUIPlugin:80 - create IPUIPlugin
2025-08-04 20:54:58,973 [INFO] PluginManager:220 - loadIPPluginJar : add hash
2025-08-04 20:54:58,975 [INFO] IPUIPlugin:80 - create IPUIPlugin
2025-08-04 20:54:58,975 [INFO] PluginManager:220 - loadIPPluginJar : add extmemmanager
2025-08-04 20:54:58,978 [INFO] IPUIPlugin:80 - create IPUIPlugin
2025-08-04 20:54:58,978 [INFO] PluginManager:220 - loadIPPluginJar : add freertos
2025-08-04 20:54:58,980 [INFO] IPUIPlugin:80 - create IPUIPlugin
2025-08-04 20:54:58,980 [INFO] PluginManager:220 - loadIPPluginJar : add usbx
2025-08-04 20:54:58,980 [INFO] IPUIPlugin:80 - create IPUIPlugin
2025-08-04 20:54:58,981 [INFO] PluginManager:220 - loadIPPluginJar : add tracer_emb
2025-08-04 20:54:59,074 [FATAL] Updater:351 - Updater called before beeing initialized
2025-08-04 20:54:59,088 [INFO] RulesReader:64 - Compatibility file has been processed (301 Rules)
2025-08-04 20:54:59,095 [INFO] RulesReader:64 - Compatibility file has been processed (301 Rules)
2025-08-04 20:54:59,099 [INFO] CADModel:165 - CPN selected for project level
2025-08-04 20:54:59,099 [INFO] CADModel:114 - Register for checkConnection events
2025-08-04 20:54:59,099 [FATAL] Updater:351 - Updater called before beeing initialized
2025-08-04 20:54:59,099 [ERROR] CADModel:125 - Updater not yet initialized, retry later 
2025-08-04 20:54:59,182 [FATAL] Updater:351 - Updater called before beeing initialized
2025-08-04 20:54:59,183 [INFO] CADModel:165 - CPN selected for project level
2025-08-04 20:54:59,183 [INFO] CADModel:114 - Register for checkConnection events
2025-08-04 20:54:59,183 [FATAL] Updater:351 - Updater called before beeing initialized
2025-08-04 20:54:59,183 [ERROR] CADModel:125 - Updater not yet initialized, retry later 
2025-08-04 20:54:59,186 [FATAL] Updater:351 - Updater called before beeing initialized
2025-08-04 20:54:59,233 [FATAL] Updater:351 - Updater called before beeing initialized
2025-08-04 20:54:59,236 [INFO] DbMcusAds:53 - JSON generation date=Tue Jul 08 10:14:23 CEST 2025 (1751962463593)
2025-08-04 20:54:59,236 [FATAL] Updater:351 - Updater called before beeing initialized
2025-08-04 20:54:59,255 [WARN] DetailPanel:346 - Failed to get advertising image, set to default
2025-08-04 20:54:59,387 [FATAL] Updater:351 - Updater called before beeing initialized
2025-08-04 20:54:59,390 [FATAL] Updater:351 - Updater called before beeing initialized
2025-08-04 20:54:59,390 [FATAL] Updater:351 - Updater called before beeing initialized
2025-08-04 20:54:59,390 [WARN] DetailPanel:346 - Failed to get advertising image, set to default
2025-08-04 20:54:59,391 [FATAL] Updater:351 - Updater called before beeing initialized
2025-08-04 20:54:59,410 [ERROR] Updater:1198 - MainUpdater not yet initialized. External WinMGr cannot be set.
2025-08-04 20:54:59,411 [INFO] Updater:1134 - Updater Version found : 6.14.0
2025-08-04 20:54:59,424 [INFO] ApplicationProperties:184 - Using Application install path: /opt/st/stm32cubeide_1.18.0/plugins/com.st.stm32cube.common.mx_6.14.0.202502271554
2025-08-04 20:54:59,604 [INFO] MainUpdater:2872 - connection check result : 10
2025-08-04 20:54:59,605 [INFO] MainUpdater:289 - Updater Check For Update Now.
2025-08-04 20:54:59,605 [INFO] MicroXplorer:498 - Change Database Version : DB.6.0.140
2025-08-04 20:54:59,607 [INFO] McuFinderGlobals:63 - Set McuFinder mode to 2 (CubeIDE integrated)
2025-08-04 20:54:59,607 [INFO] UserAuth:171 - activating auth plugin
2025-08-04 20:54:59,609 [INFO] UserAuth:486 - Internet connection configuration mode: 1
2025-08-04 20:54:59,619 [INFO] JxBrowserEngine:152 - Initiate JxBrowser Engine with user profile folder
2025-08-04 20:54:59,765 [INFO] CheckServerUpdateThread:120 - End of CheckServer Thread
2025-08-04 20:55:00,033 [INFO] WebApp:169 - Instantiating new browser for Auth
2025-08-04 20:55:00,436 [INFO] WebApp:463 - Apply proxy settings
2025-08-04 20:55:00,436 [INFO] WebApp:548 - Chromium requires no authentication
2025-08-04 20:55:00,441 [INFO] WebApp:491 - Direct internet connection detected
2025-08-04 20:55:00,453 [INFO] WebApp:894 - Register for checkConnection events
2025-08-04 20:55:00,454 [INFO] WebApp:463 - Apply proxy settings
2025-08-04 20:55:00,454 [INFO] WebApp:548 - Chromium requires no authentication
2025-08-04 20:55:00,454 [INFO] WebApp:491 - Direct internet connection detected
2025-08-04 20:55:00,527 [INFO] WebApp:225 - Starting web application
2025-08-04 20:55:00,527 [INFO] WebApp:593 - Web application path used /opt/st/stm32cubeide_1.18.0/plugins/com.st.stm32cube.common.mx_6.14.0.202502271554/db/plugins/mcufinder/reactClient1/index.html
2025-08-04 20:55:00,676 [INFO] WebApp:191 - Connection restablished
2025-08-04 20:55:01,725 [WARN] PackLoader:240 - Cannot read IP mode file for STMicroelectronics.FP-SNS-MOTENVWB1.1.4.0
2025-08-04 20:55:01,730 [WARN] PackLoader:240 - Cannot read IP mode file for STMicroelectronics.FP-ATR-ASTRA1.2.0.2
2025-08-04 20:55:01,735 [WARN] PackLoader:240 - Cannot read IP mode file for STMicroelectronics.X-CUBE-SMBUS.2.1.0
2025-08-04 20:55:01,740 [WARN] PackLoader:240 - Cannot read IP mode file for STMicroelectronics.X-CUBE-WB05N.1.1.0
2025-08-04 20:55:01,743 [WARN] PackLoader:240 - Cannot read IP mode file for STMicroelectronics.X-CUBE-ST60.1.0.0
2025-08-04 20:55:01,761 [WARN] PackLoader:240 - Cannot read IP mode file for STMicroelectronics.X-CUBE-AZRTOS-F7.1.1.0
2025-08-04 20:55:01,765 [WARN] PackLoader:240 - Cannot read IP mode file for STMicroelectronics.FP-SNS-FLIGHT1.5.0.2
2025-08-04 20:55:01,779 [WARN] PackLoader:240 - Cannot read IP mode file for Infineon.AIROC-Wi-Fi-Bluetooth-STM32.1.7.0
2025-08-04 20:55:01,794 [WARN] PackLoader:240 - Cannot read IP mode file for STMicroelectronics.X-CUBE-AZRTOS-H7.3.4.0
2025-08-04 20:55:01,800 [WARN] PackLoader:240 - Cannot read IP mode file for STMicroelectronics.X-CUBE-DISPLAY.3.0.0
2025-08-04 20:55:01,806 [WARN] PackLoader:240 - Cannot read IP mode file for STMicroelectronics.X-CUBE-NFC10.1.0.0
2025-08-04 20:55:01,812 [WARN] PackLoader:240 - Cannot read IP mode file for STMicroelectronics.X-CUBE-BLEMGR.4.0.0
2025-08-04 20:55:01,816 [WARN] PackLoader:240 - Cannot read IP mode file for emotas.I-CUBE-CANOPEN.1.3.0
2025-08-04 20:55:01,818 [WARN] ConditionMgr:438 - getConditionDescription Invalid condition id : Cortex-A Device cause : null
2025-08-04 20:55:01,827 [WARN] ConditionMgr:1044 - genDependencies : Invalid condition id : Cortex-A Device cause : null
2025-08-04 20:55:01,827 [WARN] ConditionMgr:1044 - genDependencies : Invalid condition id : Cortex-A Device cause : null
2025-08-04 20:55:01,827 [WARN] ConditionMgr:1044 - genDependencies : Invalid condition id : Cortex-A Device cause : null
2025-08-04 20:55:01,829 [WARN] PackLoader:240 - Cannot read IP mode file for STMicroelectronics.X-CUBE-AI.10.0.0
2025-08-04 20:55:01,831 [ERROR] Engine:466 - /home/bright/.stm32cubemx/thirdparties/pdsc/STMicroelectronics.FP-SNS-STBOX1.2.1.0.pdsc: PDSC version is not supported
2025-08-04 20:55:01,834 [WARN] PackLoader:240 - Cannot read IP mode file for STMicroelectronics.FP-SNS-SMARTAG2.1.2.0
2025-08-04 20:55:01,836 [WARN] PackLoader:240 - Cannot read IP mode file for STMicroelectronics.FP-SNS-FLIGHT1.5.1.0
2025-08-04 20:55:01,858 [WARN] PackLoader:240 - Cannot read IP mode file for STMicroelectronics.X-CUBE-MEMS1.11.1.0
2025-08-04 20:55:02,000 [INFO] LogOutputStream:77 - [STDOUT_REDIRECT] 1 : Invalid condition id : UX_CORESTACK_Condition cause : null
2025-08-04 20:55:02,001 [INFO] LogOutputStream:77 - [STDOUT_REDIRECT] 1 : Invalid condition id : UX_CORESTACK_Condition cause : null
2025-08-04 20:55:02,001 [INFO] LogOutputStream:77 - [STDOUT_REDIRECT] 1 : Invalid condition id : UX_CORESTACK_Condition cause : null
2025-08-04 20:55:02,001 [INFO] LogOutputStream:77 - [STDOUT_REDIRECT] 1 : Invalid condition id : UX_CORESTACK_Condition cause : null
2025-08-04 20:55:02,001 [INFO] LogOutputStream:77 - [STDOUT_REDIRECT] 1 : Invalid condition id : UX_CORESTACK_Condition cause : null
2025-08-04 20:55:02,004 [WARN] PackLoader:240 - Cannot read IP mode file for STMicroelectronics.X-CUBE-AZRTOS-WL.2.0.0
2025-08-04 20:55:02,007 [WARN] PackLoader:240 - Cannot read IP mode file for STMicroelectronics.FP-SNS-MOTENV1.5.0.0
2025-08-04 20:55:02,012 [WARN] PackLoader:240 - Cannot read IP mode file for WES.I-CUBE-Cesium.1.3.0
2025-08-04 20:55:02,015 [WARN] PackLoader:240 - Cannot read IP mode file for STMicroelectronics.X-CUBE-BLE2.3.3.0
2025-08-04 20:55:02,018 [WARN] PackLoader:240 - Cannot read IP mode file for STMicroelectronics.X-CUBE-NFC9.1.0.0
2025-08-04 20:55:02,022 [WARN] PackLoader:240 - Cannot read IP mode file for STMicroelectronics.X-CUBE-BLE1.7.1.0
2025-08-04 20:55:02,024 [WARN] PackLoader:240 - Cannot read IP mode file for wolfSSL.I-CUBE-wolfMQTT.1.19.2
2025-08-04 20:55:02,027 [WARN] PackLoader:240 - Cannot read IP mode file for STMicroelectronics.X-CUBE-EEPRMA1.5.2.0
2025-08-04 20:55:02,058 [WARN] PackLoader:240 - Cannot read IP mode file for STMicroelectronics.X-CUBE-MEMS1.11.2.0
2025-08-04 20:55:02,120 [WARN] PackLoader:240 - Cannot read IP mode file for STMicroelectronics.X-CUBE-AZRTOS-G0.1.1.0
2025-08-04 20:55:02,123 [WARN] PackLoader:240 - Cannot read IP mode file for STMicroelectronics.X-CUBE-SAFEA1.1.2.2
2025-08-04 20:55:02,126 [WARN] PackLoader:240 - Cannot read IP mode file for STMicroelectronics.X-CUBE-NFC4.3.0.0
2025-08-04 20:55:02,129 [WARN] PackLoader:240 - Cannot read IP mode file for EmbeddedOffice.I-CUBE-FS-RTOS.1.0.1
2025-08-04 20:55:02,132 [WARN] PackLoader:240 - Cannot read IP mode file for STMicroelectronics.X-CUBE-WB05N.2.0.0
2025-08-04 20:55:02,133 [WARN] PackLoader:240 - Cannot read IP mode file for wolfSSL.I-CUBE-wolfTPM.3.8.0
2025-08-04 20:55:02,136 [WARN] PackLoader:240 - Cannot read IP mode file for STMicroelectronics.X-CUBE-TCPP.4.2.0
2025-08-04 20:55:02,139 [WARN] PackLoader:240 - Cannot read IP mode file for RealThread.X-CUBE-RT-Thread_Nano.4.1.1
2025-08-04 20:55:02,140 [WARN] PackLoader:240 - Cannot read IP mode file for STMicroelectronics.FP-ATR-SIGFOX1.3.2.0
2025-08-04 20:55:02,144 [WARN] PackLoader:240 - Cannot read IP mode file for STMicroelectronics.X-CUBE-EEPRMA1.5.1.0
2025-08-04 20:55:02,146 [WARN] PackLoader:240 - Cannot read IP mode file for wolfSSL.I-CUBE-wolfSSL.5.7.6
2025-08-04 20:55:02,150 [WARN] PackLoader:240 - Cannot read IP mode file for ITTIA_DB.I-CUBE-ITTIADB.8.9.0
2025-08-04 20:55:02,154 [WARN] PackLoader:240 - Cannot read IP mode file for STMicroelectronics.X-CUBE-ST67W61.1.0.0
2025-08-04 20:55:02,157 [WARN] PackLoader:240 - Cannot read IP mode file for STMicroelectronics.X-CUBE-AI.10.2.0
2025-08-04 20:55:02,168 [WARN] PackLoader:240 - Cannot read IP mode file for SEGGER.I-CUBE-embOS.1.3.1
2025-08-04 20:55:02,193 [WARN] PackLoader:240 - Cannot read IP mode file for STMicroelectronics.X-CUBE-ALGOBUILD.1.4.0
2025-08-04 20:55:02,221 [WARN] PackLoader:240 - Cannot read IP mode file for STMicroelectronics.X-CUBE-MEMS1.11.3.0
2025-08-04 20:55:02,299 [WARN] PackLoader:240 - Cannot read IP mode file for STMicroelectronics.X-CUBE-PM33A1.1.0.0
2025-08-04 20:55:02,305 [WARN] PackLoader:240 - Cannot read IP mode file for STMicroelectronics.X-CUBE-AZRTOS-F4.1.1.0
2025-08-04 20:55:02,308 [WARN] PackLoader:240 - Cannot read IP mode file for Avnet-IotConnect.X-CUBE-IoTC-DA16k-PMOD.1.0.0
2025-08-04 20:55:02,309 [WARN] PackLoader:240 - Cannot read IP mode file for STMicroelectronics.X-CUBE-ISPU.2.1.0
2025-08-04 20:55:02,315 [WARN] PackLoader:240 - Cannot read IP mode file for STMicroelectronics.X-CUBE-NFC12.1.0.0
2025-08-04 20:55:02,330 [WARN] PackLoader:240 - Cannot read IP mode file for STMicroelectronics.X-CUBE-AZRTOS-L5.2.0.0
2025-08-04 20:55:02,338 [WARN] PackLoader:240 - Cannot read IP mode file for STMicroelectronics.X-CUBE-NFC6.3.1.0
2025-08-04 20:55:02,343 [WARN] PackLoader:240 - Cannot read IP mode file for STMicroelectronics.X-CUBE-DPower.1.2.0
2025-08-04 20:55:02,347 [WARN] PackLoader:240 - Cannot read IP mode file for STMicroelectronics.X-CUBE-FREERTOS.1.3.1
2025-08-04 20:55:02,350 [WARN] PackLoader:240 - Cannot read IP mode file for STMicroelectronics.X-CUBE-FREERTOS.1.3.0
2025-08-04 20:55:02,353 [WARN] PackLoader:240 - Cannot read IP mode file for STMicroelectronics.X-CUBE-NFC7.1.0.1
2025-08-04 20:55:02,365 [WARN] PackLoader:240 - Cannot read IP mode file for STMicroelectronics.FP-SNS-STAIOTCFT.1.0.0
2025-08-04 20:55:02,370 [WARN] PackLoader:240 - Cannot read IP mode file for STMicroelectronics.X-CUBE-DPower.1.3.0
2025-08-04 20:55:02,381 [WARN] ConditionMgr:438 - getConditionDescription Invalid condition id : LAN8742 Phy interface Condition cause : null
2025-08-04 20:55:02,381 [WARN] PackLoader:240 - Cannot read IP mode file for STMicroelectronics.X-CUBE-AZRTOS-L4.2.0.0
2025-08-04 20:55:02,383 [WARN] ConditionMgr:1044 - genDependencies : Invalid condition id : LAN8742 Phy interface Condition cause : null
2025-08-04 20:55:02,383 [WARN] ConditionMgr:1044 - genDependencies : Invalid condition id : LAN8742 Phy interface Condition cause : null
2025-08-04 20:55:02,383 [WARN] ConditionMgr:1044 - genDependencies : Invalid condition id : LAN8742 Phy interface Condition cause : null
2025-08-04 20:55:02,388 [WARN] PackLoader:240 - Cannot read IP mode file for STMicroelectronics.X-CUBE-SFXS2LP1.4.0.0
2025-08-04 20:55:02,400 [WARN] PackLoader:240 - Cannot read IP mode file for STMicroelectronics.X-CUBE-AZRTOS-H7.3.3.0
2025-08-04 20:55:02,409 [WARN] PackLoader:240 - Cannot read IP mode file for STMicroelectronics.X-CUBE-BLEMGR.4.1.0
2025-08-04 20:55:02,418 [WARN] ConditionMgr:438 - getConditionDescription Invalid condition id : UX DEVICE CLASS RTOS Condition cause : null
2025-08-04 20:55:02,418 [WARN] ConditionMgr:438 - getConditionDescription Invalid condition id : UX DEVICE CLASS RTOS Condition cause : null
2025-08-04 20:55:02,419 [WARN] PackLoader:240 - Cannot read IP mode file for STMicroelectronics.X-CUBE-AZRTOS-WB.2.0.0
2025-08-04 20:55:02,420 [WARN] ConditionMgr:1044 - genDependencies : Invalid condition id : UX DEVICE CLASS RTOS Condition cause : null
2025-08-04 20:55:02,420 [WARN] ConditionMgr:1044 - genDependencies : Invalid condition id : UX DEVICE CLASS RTOS Condition cause : null
2025-08-04 20:55:02,420 [WARN] ConditionMgr:1044 - genDependencies : Invalid condition id : UX DEVICE CLASS RTOS Condition cause : null
2025-08-04 20:55:02,420 [WARN] ConditionMgr:1044 - genDependencies : Invalid condition id : UX DEVICE CLASS RTOS Condition cause : null
2025-08-04 20:55:02,420 [WARN] ConditionMgr:1044 - genDependencies : Invalid condition id : UX DEVICE CLASS RTOS Condition cause : null
2025-08-04 20:55:02,424 [WARN] PackLoader:240 - Cannot read IP mode file for STMicroelectronics.X-CUBE-GNSS1.7.0.1
2025-08-04 20:55:02,427 [WARN] PackLoader:240 - Cannot read IP mode file for STMicroelectronics.X-CUBE-TOUCHGFX.4.25.0
2025-08-04 20:55:02,431 [WARN] PackLoader:240 - Cannot read IP mode file for STMicroelectronics.FP-SNS-STBOX1.2.0.0
2025-08-04 20:55:02,435 [WARN] PackLoader:240 - Cannot read IP mode file for STMicroelectronics.X-CUBE-SUBG2.5.0.0
2025-08-04 20:55:02,443 [WARN] PackLoader:240 - Cannot read IP mode file for STMicroelectronics.X-CUBE-AZRTOS-H7RS.1.1.0
2025-08-04 20:55:02,445 [WARN] PackLoader:240 - Cannot read IP mode file for Cesanta.I-CUBE-Mongoose.7.13.0
2025-08-04 20:55:02,450 [WARN] PackLoader:240 - Cannot read IP mode file for STMicroelectronics.X-CUBE-AZRTOS-G4.2.0.0
2025-08-04 20:55:02,452 [WARN] PackLoader:240 - Cannot read IP mode file for wolfSSL.I-CUBE-wolfSSH.1.4.20
2025-08-04 20:55:02,453 [WARN] PackLoader:240 - Cannot read IP mode file for STMicroelectronics.X-CUBE-NFC7.2.0.0
2025-08-04 20:55:02,457 [WARN] PackLoader:240 - Cannot read IP mode file for STMicroelectronics.X-CUBE-IPS.3.1.0
2025-08-04 20:55:02,460 [WARN] PackLoader:240 - Cannot read IP mode file for STMicroelectronics.X-CUBE-ALS.1.0.2
2025-08-04 20:55:02,462 [WARN] PackLoader:240 - Cannot read IP mode file for portGmbH.I-Cube-SoM-uGOAL.1.1.0
2025-08-04 20:55:02,467 [WARN] PackLoader:240 - Cannot read IP mode file for STMicroelectronics.X-CUBE-AZRTOS-H7RS.1.0.0
2025-08-04 20:55:02,472 [WARN] PackLoader:240 - Cannot read IP mode file for STMicroelectronics.X-CUBE-TOF1.3.4.2
2025-08-04 20:55:02,482 [WARN] PackLoader:240 - Cannot read IP mode file for STMicroelectronics.X-CUBE-TOF1.3.4.3
2025-08-04 20:55:02,486 [INFO] ThirdParty:978 - Integrity check success = true
2025-08-04 20:55:02,486 [INFO] IntegrityCheckThread:100 - exiting critical section [integrity check]
2025-08-04 20:55:02,486 [INFO] IntegrityCheckThread:103 - End integrity checks thread
